[35m[Appium][39m Welcome to Appium v1.22.3
[35m[Appium][39m Non-default server args:
[35m[Appium][39m   port: 64008
[35m[Appium][39m   tmpDir: C:\Users\Muhifa\AppData\Local\Temp\\Katalon\Appium\Temp1674713915720
[35m[Appium][39m   chromedriverPort: 64009
[35m[Appium][39m Deprecated server args:
[35m[Appium][39m   [31m--chromedriver-port[39m => --default-capabilities
[35m[Appium][39m Default capabilities, which will be added to each request unless overridden by desired capabilities:
[35m[Appium][39m   chromedriverPort: 64009
[35m[Appium][39m Appium REST http interface listener started on 0.0.0.0:64008
[35m[HTTP][39m [37m-->[39m [37mGET[39m [37m/wd/hub/status[39m
[35m[HTTP][39m [90m{}[39m
[debug] [35m[GENERIC][39m Calling AppiumDriver.getStatus() with args: []
[debug] [35m[GENERIC][39m Responding to client with driver.getStatus() result: {"build":{"version":"1.22.3"}}
[35m[HTTP][39m [37m<-- GET /wd/hub/status [39m[32m200[39m [90m7 ms - 68[39m
[35m[HTTP][39m [90m[39m
[35m[HTTP][39m [37m-->[39m [37mPOST[39m [37m/wd/hub/session[39m
[35m[HTTP][39m [90m{"desiredCapabilities":{"app":"C:\\Users\\Muhifa\\Downloads\\Android-MyDemoAppRN.1.2.0.build-231.apk","noReset":false,"deviceName":"emulator-5554 (sdk_gphone_x86 - Android 11)","fullReset":true,"platform":"ANDROID","newCommandTimeout":1800,"platformVersion":"11","automationName":"uiautomator2","autoGrantPermissions":true,"platformName":"Android","udid":"emulator-5554","systemPort":64007},"capabilities":{"firstMatch":[{"appium:app":"C:\\Users\\Muhifa\\Downloads\\Android-MyDemoAppRN.1.2.0.build-231.apk","appium:autoGrantPermissions":true,"appium:automationName":"uiautomator2","appium:deviceName":"emulator-5554 (sdk_gphone_x86 - Android 11)","appium:fullReset":true,"appium:newCommandTimeout":1800,"appium:noReset":false,"platform":"ANDROID","platformName":"android","appium:platformVersion":"11","appium:systemPort":64007,"appium:udid":"emulator-5554"}]}}[39m
[debug] [35m[W3C][39m Calling AppiumDriver.createSession() with args: [{"app":"C:\\Users\\Muhifa\\Downloads\\Android-MyDemoAppRN.1.2.0.build-231.apk","noReset":false,"deviceName":"emulator-5554 (sdk_gphone_x86 - Android 11)","fullReset":true,"platform":"ANDROID","newCommandTimeout":1800,"platformVersion":"11","automationName":"uiautomator2","autoGrantPermissions":true,"platformName":"Android","udid":"emulator-5554","systemPort":64007},null,{"firstMatch":[{"appium:app":"C:\\Users\\Muhifa\\Downloads\\Android-MyDemoAppRN.1.2.0.build-231.apk","appium:autoGrantPermissions":true,"appium:automationName":"uiautomator2","appium:deviceName":"emulator-5554 (sdk_gphone_x86 - Android 11)","appium:fullReset":true,"appium:newCommandTimeout":1800,"appium:noReset":false,"platform":"ANDROID","platformName":"android","appium:platformVersion":"11","appium:systemPort":64007,"appium:udid":"emulator-5554"}]}]
[debug] [35m[BaseDriver][39m Event 'newSessionRequested' logged at 1674713918269 (13:18:38 GMT+0700 (Western Indonesia Time))
[35m[BaseDriver][39m The following capabilities are not standard capabilities and should have an extension prefix:
[35m[BaseDriver][39m   platform
[35m[BaseDriver][39m   chromedriverPort
[35m[Appium][39m Appium v1.22.3 creating new AndroidUiautomator2Driver (v1.70.1) session
[debug] [35m[BaseDriver][39m W3C capabilities and MJSONWP desired capabilities were provided
[debug] [35m[BaseDriver][39m Creating session with W3C capabilities: {
[debug] [35m[BaseDriver][39m   "alwaysMatch": {
[debug] [35m[BaseDriver][39m     "appium:platform": "ANDROID",
[debug] [35m[BaseDriver][39m     "platformName": "android",
[debug] [35m[BaseDriver][39m     "appium:chromedriverPort": 64009,
[debug] [35m[BaseDriver][39m     "appium:app": "C:\\Users\\Muhifa\\Downloads\\Android-MyDemoAppRN.1.2.0.build-231.apk",
[debug] [35m[BaseDriver][39m     "appium:autoGrantPermissions": true,
[debug] [35m[BaseDriver][39m     "appium:automationName": "uiautomator2",
[debug] [35m[BaseDriver][39m     "appium:deviceName": "emulator-5554 (sdk_gphone_x86 - Android 11)",
[debug] [35m[BaseDriver][39m     "appium:fullReset": true,
[debug] [35m[BaseDriver][39m     "appium:newCommandTimeout": 1800,
[debug] [35m[BaseDriver][39m     "appium:noReset": false,
[debug] [35m[BaseDriver][39m     "appium:platformVersion": "11",
[debug] [35m[BaseDriver][39m     "appium:systemPort": 64007,
[debug] [35m[BaseDriver][39m     "appium:udid": "emulator-5554"
[debug] [35m[BaseDriver][39m   },
[debug] [35m[BaseDriver][39m   "firstMatch": [
[debug] [35m[BaseDriver][39m     {}
[debug] [35m[BaseDriver][39m   ]
[debug] [35m[BaseDriver][39m }
[35m[BaseDriver][39m The following capabilities were provided, but are not recognized by Appium:
[35m[BaseDriver][39m   platform
[35m[BaseDriver][39m Session created with session id: 4a67d9e4-7661-4f5d-a861-52d9644f2ef9
[35m[BaseDriver][39m Using local app 'C:\Users\Muhifa\Downloads\Android-MyDemoAppRN.1.2.0.build-231.apk'
[debug] [35m[UiAutomator2][39m Checking whether app is actually present
[35m[ADB][39m Found 1 'build-tools' folders under 'C:\Users\Muhifa\.katalon\tools\android_sdk' (newest first):
[35m[ADB][39m     C:/Users/Muhifa/.katalon/tools/android_sdk/build-tools/29.0.3
[35m[ADB][39m Using 'adb.exe' from 'C:\Users\Muhifa\.katalon\tools\android_sdk\platform-tools\adb.exe'
[debug] [35m[ADB][39m Running 'C:\Users\Muhifa\.katalon\tools\android_sdk\platform-tools\adb.exe -P 5037 start-server'
[35m[AndroidDriver][39m Retrieving device list
[debug] [35m[ADB][39m Trying to find a connected android device
[debug] [35m[ADB][39m Getting connected devices
[debug] [35m[ADB][39m Connected devices: [{"udid":"emulator-5554","state":"device"}]
[35m[AndroidDriver][39m Using device: emulator-5554
[35m[ADB][39m Using 'adb.exe' from 'C:\Users\Muhifa\.katalon\tools\android_sdk\platform-tools\adb.exe'
[debug] [35m[ADB][39m Running 'C:\Users\Muhifa\.katalon\tools\android_sdk\platform-tools\adb.exe -P 5037 start-server'
[debug] [35m[ADB][39m Setting device id to emulator-5554
[debug] [35m[ADB][39m Running 'C:\Users\Muhifa\.katalon\tools\android_sdk\platform-tools\adb.exe -P 5037 -s emulator-5554 shell getprop ro.build.version.sdk'
[debug] [35m[ADB][39m Current device property 'ro.build.version.sdk': 30
[35m[ADB][39m Getting device platform version
[debug] [35m[ADB][39m Running 'C:\Users\Muhifa\.katalon\tools\android_sdk\platform-tools\adb.exe -P 5037 -s emulator-5554 shell getprop ro.build.version.release'
[debug] [35m[ADB][39m Current device property 'ro.build.version.release': 11
[debug] [35m[ADB][39m Device API level: 30
[35m[UiAutomator2][39m Relaxing hidden api policy
[debug] [35m[ADB][39m Running 'C:\Users\Muhifa\.katalon\tools\android_sdk\platform-tools\adb.exe -P 5037 -s emulator-5554 shell 'settings put global hidden_api_policy_pre_p_apps 1;settings put global hidden_api_policy_p_apps 1;settings put global hidden_api_policy 1''
[debug] [35m[AndroidDriver][39m Parsing package and activity from app manifest
[35m[ADB][39m Package name: 'com.saucelabs.mydemoapp.rn'
[35m[ADB][39m Main activity name: 'com.saucelabs.mydemoapp.rn.MainActivity'
[debug] [35m[AndroidDriver][39m Parsed package and activity are: com.saucelabs.mydemoapp.rn/com.saucelabs.mydemoapp.rn.MainActivity
[debug] [35m[ADB][39m Running 'C:\Users\Muhifa\.katalon\tools\android_sdk\platform-tools\adb.exe -P 5037 -s emulator-5554 wait-for-device'
[debug] [35m[ADB][39m Running 'C:\Users\Muhifa\.katalon\tools\android_sdk\platform-tools\adb.exe -P 5037 -s emulator-5554 shell echo ping'
[debug] [35m[AndroidDriver][39m Pushing settings apk to device...
[debug] [35m[ADB][39m Getting install status for io.appium.settings
[debug] [35m[ADB][39m Running 'C:\Users\Muhifa\.katalon\tools\android_sdk\platform-tools\adb.exe -P 5037 -s emulator-5554 shell dumpsys package io.appium.settings'
[debug] [35m[ADB][39m 'io.appium.settings' is installed
[debug] [35m[ADB][39m Getting package info for 'io.appium.settings'
[debug] [35m[ADB][39m Running 'C:\Users\Muhifa\.katalon\tools\android_sdk\platform-tools\adb.exe -P 5037 -s emulator-5554 shell dumpsys package io.appium.settings'
[debug] [35m[ADB][39m The version name of the installed 'io.appium.settings' is greater or equal to the application version name ('3.4.0' >= '3.4.0')
[debug] [35m[ADB][39m There is no need to install/upgrade 'C:\Users\Muhifa\AppData\Roaming\npm\node_modules\appium\node_modules\io.appium.settings\apks\settings_apk-debug.apk'
[debug] [35m[ADB][39m Getting IDs of all 'io.appium.settings' processes
[debug] [35m[ADB][39m Running 'C:\Users\Muhifa\.katalon\tools\android_sdk\platform-tools\adb.exe -P 5037 -s emulator-5554 shell 'pgrep --help; echo $?''
[debug] [35m[ADB][39m Running 'C:\Users\Muhifa\.katalon\tools\android_sdk\platform-tools\adb.exe -P 5037 -s emulator-5554 shell pgrep -f \(\[\[:blank:\]\]\|\^\)io\.appium\.settings\(\[\[:blank:\]\]\|\$\)'
[debug] [35m[AndroidDriver][39m io.appium.settings is already running. There is no need to reset its permissions.
[debug] [35m[Logcat][39m Starting logs capture with command: C:\\Users\\Muhifa\\.katalon\\tools\\android_sdk\\platform-tools\\adb.exe -P 5037 -s emulator-5554 logcat -v threadtime
[debug] [35m[UiAutomator2][39m Forwarding UiAutomator2 Server port 6790 to local port 64007
[debug] [35m[ADB][39m Forwarding system: 64007 to device: 6790
[debug] [35m[ADB][39m Running 'C:\Users\Muhifa\.katalon\tools\android_sdk\platform-tools\adb.exe -P 5037 -s emulator-5554 forward tcp:64007 tcp:6790'
[debug] [35m[ADB][39m Getting install status for io.appium.uiautomator2.server
[debug] [35m[ADB][39m Running 'C:\Users\Muhifa\.katalon\tools\android_sdk\platform-tools\adb.exe -P 5037 -s emulator-5554 shell dumpsys package io.appium.uiautomator2.server'
[debug] [35m[ADB][39m 'io.appium.uiautomator2.server' is installed
[debug] [35m[ADB][39m Getting package info for 'io.appium.uiautomator2.server'
[debug] [35m[ADB][39m Running 'C:\Users\Muhifa\.katalon\tools\android_sdk\platform-tools\adb.exe -P 5037 -s emulator-5554 shell dumpsys package io.appium.uiautomator2.server'
[debug] [35m[ADB][39m The version name of the installed 'io.appium.uiautomator2.server' is greater or equal to the application version name ('4.27.0' >= '4.27.0')
[debug] [35m[UiAutomator2][39m io.appium.uiautomator2.server installation state: sameVersionInstalled
[debug] [35m[ADB][39m Checking app cert for C:\Users\Muhifa\AppData\Roaming\npm\node_modules\appium\node_modules\appium-uiautomator2-server\apks\appium-uiautomator2-server-v4.27.0.apk
[35m[ADB][39m Using 'apksigner.jar' from 'C:\Users\Muhifa\.katalon\tools\android_sdk\build-tools\29.0.3\lib\apksigner.jar'
[debug] [35m[ADB][39m Starting apksigner: 'C:\\Program Files\\Katalon_Studio_Windows_64-8.5.5\\jre\\bin\\java.exe' -Xmx1024M -Xss1m -jar C:\\Users\\Muhifa\\.katalon\\tools\\android_sdk\\build-tools\\29.0.3\\lib\\apksigner.jar verify --print-certs C:\\Users\\Muhifa\\AppData\\Roaming\\npm\\node_modules\\appium\\node_modules\\appium-uiautomator2-server\\apks\\appium-uiautomator2-server-v4.27.0.apk
[debug] [35m[ADB][39m apksigner stdout: Signer #1 certificate DN: EMAILADDRESS=android@android.com, CN=Android, OU=Android, O=Android, L=Mountain View, ST=California, C=US
[debug] [35m[ADB][39m Signer #1 certificate SHA-256 digest: a40da80a59d170caa950cf15c18c454d47a39b26989d8b640ecd745ba71bf5dc
[debug] [35m[ADB][39m Signer #1 certificate SHA-1 digest: 61ed377e85d386a8dfee6b864bd85b0bfaa5af81
[debug] [35m[ADB][39m Signer #1 certificate MD5 digest: e89b158e4bcf988ebd09eb83f5378e87
[debug] [35m[ADB][39m 
[debug] [35m[ADB][39m sha256 hash did match for 'appium-uiautomator2-server-v4.27.0.apk'
[35m[ADB][39m 'C:\Users\Muhifa\AppData\Roaming\npm\node_modules\appium\node_modules\appium-uiautomator2-server\apks\appium-uiautomator2-server-v4.27.0.apk' is signed with the default certificate
[debug] [35m[ADB][39m Getting install status for io.appium.uiautomator2.server.test
[debug] [35m[ADB][39m Running 'C:\Users\Muhifa\.katalon\tools\android_sdk\platform-tools\adb.exe -P 5037 -s emulator-5554 shell dumpsys package io.appium.uiautomator2.server.test'
[debug] [35m[ADB][39m 'io.appium.uiautomator2.server.test' is installed
[debug] [35m[ADB][39m Checking app cert for C:\Users\Muhifa\AppData\Roaming\npm\node_modules\appium\node_modules\appium-uiautomator2-server\apks\appium-uiautomator2-server-debug-androidTest.apk
[debug] [35m[ADB][39m Starting apksigner: 'C:\\Program Files\\Katalon_Studio_Windows_64-8.5.5\\jre\\bin\\java.exe' -Xmx1024M -Xss1m -jar C:\\Users\\Muhifa\\.katalon\\tools\\android_sdk\\build-tools\\29.0.3\\lib\\apksigner.jar verify --print-certs C:\\Users\\Muhifa\\AppData\\Roaming\\npm\\node_modules\\appium\\node_modules\\appium-uiautomator2-server\\apks\\appium-uiautomator2-server-debug-androidTest.apk
[debug] [35m[ADB][39m apksigner stdout: Signer #1 certificate DN: EMAILADDRESS=android@android.com, CN=Android, OU=Android, O=Android, L=Mountain View, ST=California, C=US
[debug] [35m[ADB][39m Signer #1 certificate SHA-256 digest: a40da80a59d170caa950cf15c18c454d47a39b26989d8b640ecd745ba71bf5dc
[debug] [35m[ADB][39m Signer #1 certificate SHA-1 digest: 61ed377e85d386a8dfee6b864bd85b0bfaa5af81
[debug] [35m[ADB][39m Signer #1 certificate MD5 digest: e89b158e4bcf988ebd09eb83f5378e87
[debug] [35m[ADB][39m 
[debug] [35m[ADB][39m sha256 hash did match for 'appium-uiautomator2-server-debug-androidTest.apk'
[35m[ADB][39m 'C:\Users\Muhifa\AppData\Roaming\npm\node_modules\appium\node_modules\appium-uiautomator2-server\apks\appium-uiautomator2-server-debug-androidTest.apk' is signed with the default certificate
[35m[UiAutomator2][39m Server packages are not going to be (re)installed
[debug] [35m[UiAutomator2][39m Waiting up to 30000ms for services to be available
[debug] [35m[ADB][39m Running 'C:\Users\Muhifa\.katalon\tools\android_sdk\platform-tools\adb.exe -P 5037 -s emulator-5554 shell pm list instrumentation'
[debug] [35m[UiAutomator2][39m Instrumentation target 'io.appium.uiautomator2.server.test/androidx.test.runner.AndroidJUnitRunner' is available
[35m[ADB][39m Adding packages ["io.appium.settings","io.appium.uiautomator2.server","io.appium.uiautomator2.server.test"] to Doze whitelist
[debug] [35m[ADB][39m Got the following command chunks to execute: [["dumpsys","deviceidle","whitelist","+io.appium.settings",";","dumpsys","deviceidle","whitelist","+io.appium.uiautomator2.server",";","dumpsys","deviceidle","whitelist","+io.appium.uiautomator2.server.test",";"]]
[debug] [35m[ADB][39m Running 'C:\Users\Muhifa\.katalon\tools\android_sdk\platform-tools\adb.exe -P 5037 -s emulator-5554 shell dumpsys deviceidle whitelist +io.appium.settings ; dumpsys deviceidle whitelist +io.appium.uiautomator2.server ; dumpsys deviceidle whitelist +io.appium.uiautomator2.server.test ;'
[debug] [35m[ADB][39m Checking app cert for C:\Users\Muhifa\Downloads\Android-MyDemoAppRN.1.2.0.build-231.apk
[debug] [35m[ADB][39m Starting apksigner: 'C:\\Program Files\\Katalon_Studio_Windows_64-8.5.5\\jre\\bin\\java.exe' -Xmx1024M -Xss1m -jar C:\\Users\\Muhifa\\.katalon\\tools\\android_sdk\\build-tools\\29.0.3\\lib\\apksigner.jar verify --print-certs C:\\Users\\Muhifa\\Downloads\\Android-MyDemoAppRN.1.2.0.build-231.apk
[debug] [35m[ADB][39m apksigner stdout: Signer #1 certificate DN: CN=Android Debug, OU=Android, O=Unknown, L=Unknown, ST=Unknown, C=US
[debug] [35m[ADB][39m Signer #1 certificate SHA-256 digest: fac61745dc0903786fb9ede62a962b399f7348f0bb6f899b8332667591033b9c
[debug] [35m[ADB][39m Signer #1 certificate SHA-1 digest: 5e8f16062ea3cd2c4a0d547876baa6f38cabf625
[debug] [35m[ADB][39m Signer #1 certificate MD5 digest: 20f46148b72d8e5e5ca23d37a4f41490
[debug] [35m[ADB][39m 
[35m[ADB][39m 'C:\Users\Muhifa\Downloads\Android-MyDemoAppRN.1.2.0.build-231.apk' is signed with a non-default certificate
[debug] [35m[ADB][39m Uninstalling com.saucelabs.mydemoapp.rn
[debug] [35m[ADB][39m Getting install status for com.saucelabs.mydemoapp.rn
[debug] [35m[ADB][39m Running 'C:\Users\Muhifa\.katalon\tools\android_sdk\platform-tools\adb.exe -P 5037 -s emulator-5554 shell dumpsys package com.saucelabs.mydemoapp.rn'
[debug] [35m[ADB][39m 'com.saucelabs.mydemoapp.rn' is not installed
[35m[ADB][39m com.saucelabs.mydemoapp.rn was not uninstalled, because it was not present on the device
[debug] [35m[ADB][39m Getting install status for com.saucelabs.mydemoapp.rn
[debug] [35m[ADB][39m Running 'C:\Users\Muhifa\.katalon\tools\android_sdk\platform-tools\adb.exe -P 5037 -s emulator-5554 shell dumpsys package com.saucelabs.mydemoapp.rn'
[debug] [35m[ADB][39m 'com.saucelabs.mydemoapp.rn' is not installed
[debug] [35m[AndroidDriver][39m Running full reset on 'com.saucelabs.mydemoapp.rn' (reinstall)
[debug] [35m[ADB][39m Running 'C:\Users\Muhifa\.katalon\tools\android_sdk\platform-tools\adb.exe -P 5037 -s emulator-5554 help'
[debug] [35m[ADB][39m Running 'C:\Users\Muhifa\.katalon\tools\android_sdk\platform-tools\adb.exe -P 5037 -s emulator-5554 features'
[35m[ADB][39m The application at 'C:\Users\Muhifa\Downloads\Android-MyDemoAppRN.1.2.0.build-231.apk' will not be cached, because the device under test has confirmed the support of streamed installs
[debug] [35m[ADB][39m Running 'C:\Users\Muhifa\.katalon\tools\android_sdk\platform-tools\adb.exe -P 5037 -s emulator-5554 install -r -g C:\Users\Muhifa\Downloads\Android-MyDemoAppRN.1.2.0.build-231.apk'
[35m[ADB][39m The installation of 'Android-MyDemoAppRN.1.2.0.build-231.apk' took 2164ms
[debug] [35m[ADB][39m Install command stdout: Performing Streamed Install
[debug] [35m[ADB][39m Success
[debug] [35m[UiAutomator2][39m Performing shallow cleanup of automation leftovers
[debug] [35m[UiAutomator2][39m No obsolete sessions have been detected (socket hang up)
[debug] [35m[ADB][39m Running 'C:\Users\Muhifa\.katalon\tools\android_sdk\platform-tools\adb.exe -P 5037 -s emulator-5554 shell am force-stop io.appium.uiautomator2.server.test'
[35m[UiAutomator2][39m Starting UIAutomator2 server 4.27.0
[35m[UiAutomator2][39m Using UIAutomator2 server from 'C:\Users\Muhifa\AppData\Roaming\npm\node_modules\appium\node_modules\appium-uiautomator2-server\apks\appium-uiautomator2-server-v4.27.0.apk' and test from 'C:\Users\Muhifa\AppData\Roaming\npm\node_modules\appium\node_modules\appium-uiautomator2-server\apks\appium-uiautomator2-server-debug-androidTest.apk'
[35m[UiAutomator2][39m Waiting up to 30000ms for UiAutomator2 to be online...
[debug] [35m[ADB][39m Creating ADB subprocess with args: ["-P",5037,"-s","emulator-5554","shell","am","instrument","-w","-e","disableAnalytics",true,"io.appium.uiautomator2.server.test/androidx.test.runner.AndroidJUnitRunner"]
[debug] [35m[WD Proxy][39m Matched '/status' to command name 'getStatus'
[debug] [35m[WD Proxy][39m Proxying [GET /status] to [GET http://127.0.0.1:64007/wd/hub/status] with no body
[35m[WD Proxy][39m socket hang up
[debug] [35m[Instrumentation][39m io.appium.uiautomator2.server.test.AppiumUiAutomator2Server:
[debug] [35m[WD Proxy][39m Matched '/status' to command name 'getStatus'
[debug] [35m[WD Proxy][39m Proxying [GET /status] to [GET http://127.0.0.1:64007/wd/hub/status] with no body
[35m[WD Proxy][39m socket hang up
[debug] [35m[WD Proxy][39m Matched '/status' to command name 'getStatus'
[debug] [35m[WD Proxy][39m Proxying [GET /status] to [GET http://127.0.0.1:64007/wd/hub/status] with no body
[debug] [35m[WD Proxy][39m Got response with status 200: {"sessionId":"None","value":{"message":"UiAutomator2 Server is ready to accept commands","ready":true}}
[debug] [35m[UiAutomator2][39m The initialization of the instrumentation process took 2144ms
[debug] [35m[WD Proxy][39m Matched '/session' to command name 'createSession'
[debug] [35m[WD Proxy][39m Proxying [POST /session] to [POST http://127.0.0.1:64007/wd/hub/session] with body: {"capabilities":{"firstMatch":[{"platform":"ANDROID","webStorageEnabled":false,"takesScreenshot":true,"javascriptEnabled":true,"databaseEnabled":false,"networkConnectionEnabled":true,"locationContextEnabled":false,"warnings":{},"desired":{"platformName":"android","platform":"ANDROID","chromedriverPort":64009,"app":"C:\\Users\\Muhifa\\Downloads\\Android-MyDemoAppRN.1.2.0.build-231.apk","autoGrantPermissions":true,"automationName":"uiautomator2","deviceName":"emulator-5554 (sdk_gphone_x86 - Android 11)","fullReset":true,"newCommandTimeout":1800,"noReset":false,"platformVersion":"11","systemPort":64007,"udid":"emulator-5554"},"platformName":"android","chromedriverPort":64009,"app":"C:\\Users\\Muhifa\\Downloads\\Android-MyDemoAppRN.1.2.0.build-231.apk","autoGrantPermissions":true,"automationName":"uiautomator2","deviceName":"emulator-5554","fullReset":true,"newCommandTimeout":1800,"noReset":false,"platformVersion":"11","systemPort":64007,"udid":"emulator-5554","deviceUDID":"emulator-5554","appPackage":"com.sau...
[debug] [35m[WD Proxy][39m Got response with status 200: {"sessionId":"4d2c0f11-b839-4911-8295-b2e66d39dc3d","value":{"capabilities":{"firstMatch":[{"platform":"ANDROID","webStorageEnabled":false,"takesScreenshot":true,"javascriptEnabled":true,"databaseEnabled":false,"networkConnectionEnabled":true,"locationContextEnabled":false,"warnings":{},"desired":{"platformName":"android","platform":"ANDROID","chromedriverPort":64009,"app":"C:\\Users\\Muhifa\\Downloads\\Android-MyDemoAppRN.1.2.0.build-231.apk","autoGrantPermissions":true,"automationName":"uiautomator2","deviceName":"emulator-5554 (sdk_gphone_x86 - Android 11)","fullReset":true,"newCommandTimeout":1800,"noReset":false,"platformVersion":"11","systemPort":64007,"udid":"emulator-5554"},"platformName":"android","chromedriverPort":64009,"app":"C:\\Users\\Muhifa\\Downloads\\Android-MyDemoAppRN.1.2.0.build-231.apk","autoGrantPermissions":true,"automationName":"uiautomator2","deviceName":"emulator-5554","fullReset":true,"newCommandTimeout":1800,"noReset":false,"platformVersion":"11","systemPort":64007,"udid":"emula...
[35m[WD Proxy][39m Determined the downstream protocol as 'W3C'
[debug] [35m[WD Proxy][39m Proxying [GET /appium/device/info] to [GET http://127.0.0.1:64007/wd/hub/session/4d2c0f11-b839-4911-8295-b2e66d39dc3d/appium/device/info] with no body
[debug] [35m[WD Proxy][39m Got response with status 200: {"sessionId":"4d2c0f11-b839-4911-8295-b2e66d39dc3d","value":{"androidId":"5ac84355e5be6ca4","apiVersion":"30","bluetooth":{"state":"ON"},"brand":"google","carrierName":"Android","displayDensity":420,"locale":"en_US","manufacturer":"Google","model":"sdk_gphone_x86","networks":[{"capabilities":{"SSID":null,"linkDownBandwidthKbps":4125,"linkUpstreamBandwidthKbps":17875,"networkCapabilities":"NET_CAPABILITY_NOT_METERED,NET_CAPABILITY_INTERNET,NET_CAPABILITY_NOT_RESTRICTED,NET_CAPABILITY_TRUSTED,NET_CAPABILITY_NOT_VPN,NET_CAPABILITY_VALIDATED,NET_CAPABILITY_NOT_ROAMING,NET_CAPABILITY_FOREGROUND,NET_CAPABILITY_NOT_CONGESTED,NET_CAPABILITY_NOT_SUSPENDED","signalStrength":-30,"transportTypes":"TRANSPORT_WIFI"},"detailedState":"CONNECTED","extraInfo":"","isAvailable":true,"isConnected":true,"isFailover":false,"isRoaming":false,"state":"CONNECTED","subtype":0,"subtypeName":"","type":1,"typeName":"WIFI"},{"capabilities":{"SSID":null,"linkDownBandwidthKbps":30000,"linkUpstreamBandwidthKbps":15000,"networkCapabilities"...
[debug] [35m[ADB][39m Running 'C:\Users\Muhifa\.katalon\tools\android_sdk\platform-tools\adb.exe -P 5037 -s emulator-5554 shell dumpsys window'
[35m[AndroidDriver][39m Screen already unlocked, doing nothing
[35m[UiAutomator2][39m Starting 'com.saucelabs.mydemoapp.rn/com.saucelabs.mydemoapp.rn.MainActivity and waiting for 'com.saucelabs.mydemoapp.rn/com.saucelabs.mydemoapp.rn.MainActivity'
[debug] [35m[ADB][39m Running 'C:\Users\Muhifa\.katalon\tools\android_sdk\platform-tools\adb.exe -P 5037 -s emulator-5554 shell am start -W -n com.saucelabs.mydemoapp.rn/com.saucelabs.mydemoapp.rn.MainActivity -S -a android.intent.action.MAIN -c android.intent.category.LAUNCHER -f 0x10200000'
[debug] [35m[ADB][39m Waiting up to 20000ms for activity matching pkg: 'com.saucelabs.mydemoapp.rn' and activity: 'com.saucelabs.mydemoapp.rn.MainActivity' to be focused
[debug] [35m[ADB][39m Possible activities, to be checked: 'com.saucelabs.mydemoapp.rn.MainActivity', 'com.saucelabs.mydemoapp.rn.com.saucelabs.mydemoapp.rn.MainActivity'
[debug] [35m[ADB][39m Getting focused package and activity
[debug] [35m[ADB][39m Running 'C:\Users\Muhifa\.katalon\tools\android_sdk\platform-tools\adb.exe -P 5037 -s emulator-5554 shell dumpsys window displays'
[debug] [35m[ADB][39m Found package: 'com.saucelabs.mydemoapp.rn' and fully qualified activity name : 'com.saucelabs.mydemoapp.rn.MainActivity'
[debug] [35m[WD Proxy][39m Proxying [GET /appium/device/pixel_ratio] to [GET http://127.0.0.1:64007/wd/hub/session/4d2c0f11-b839-4911-8295-b2e66d39dc3d/appium/device/pixel_ratio] with no body
[debug] [35m[WD Proxy][39m Got response with status 200: {"sessionId":"4d2c0f11-b839-4911-8295-b2e66d39dc3d","value":2.625}
[debug] [35m[WD Proxy][39m Matched '/appium/device/system_bars' to command name 'getSystemBars'
[debug] [35m[WD Proxy][39m Proxying [GET /appium/device/system_bars] to [GET http://127.0.0.1:64007/wd/hub/session/4d2c0f11-b839-4911-8295-b2e66d39dc3d/appium/device/system_bars] with no body
[debug] [35m[WD Proxy][39m Got response with status 200: {"sessionId":"4d2c0f11-b839-4911-8295-b2e66d39dc3d","value":{"statusBar":63}}
[debug] [35m[WD Proxy][39m Matched '/window/current/size' to command name 'getWindowSize'
[debug] [35m[WD Proxy][39m Proxying [GET /window/current/size] to [GET http://127.0.0.1:64007/wd/hub/session/4d2c0f11-b839-4911-8295-b2e66d39dc3d/window/current/size] with no body
[debug] [35m[WD Proxy][39m Got response with status 200: {"sessionId":"4d2c0f11-b839-4911-8295-b2e66d39dc3d","value":{"height":1794,"width":1080}}
[35m[Appium][39m New AndroidUiautomator2Driver session created successfully, session 4a67d9e4-7661-4f5d-a861-52d9644f2ef9 added to master session list
[debug] [35m[BaseDriver][39m Event 'newSessionStarted' logged at 1674713929008 (13:18:49 GMT+0700 (Western Indonesia Time))
[debug] [35m[W3C (4a67d9e4)][39m Cached the protocol value 'W3C' for the new session 4a67d9e4-7661-4f5d-a861-52d9644f2ef9
[debug] [35m[W3C (4a67d9e4)][39m Responding to client with driver.createSession() result: {"capabilities":{"platform":"ANDROID","webStorageEnabled":false,"takesScreenshot":true,"javascriptEnabled":true,"databaseEnabled":false,"networkConnectionEnabled":true,"locationContextEnabled":false,"warnings":{},"desired":{"platformName":"android","platform":"ANDROID","chromedriverPort":64009,"app":"C:\\Users\\Muhifa\\Downloads\\Android-MyDemoAppRN.1.2.0.build-231.apk","autoGrantPermissions":true,"automationName":"uiautomator2","deviceName":"emulator-5554 (sdk_gphone_x86 - Android 11)","fullReset":true,"newCommandTimeout":1800,"noReset":false,"platformVersion":"11","systemPort":64007,"udid":"emulator-5554"},"platformName":"android","chromedriverPort":64009,"app":"C:\\Users\\Muhifa\\Downloads\\Android-MyDemoAppRN.1.2.0.build-231.apk","autoGrantPermissions":true,"automationName":"uiautomator2","deviceName":"emulator-5554","fullReset":true,"newCommandTimeout":1800,"noReset":false,"platformVersion":"11","systemPort":64007,"udid":"emulator-5554","deviceUDID":"emulator-5554","appPackage":"com.saucelabs.mydemoap...
[35m[HTTP][39m [37m<-- POST /wd/hub/session [39m[32m200[39m [90m10743 ms - 1327[39m
[35m[HTTP][39m [90m[39m
[35m[HTTP][39m [37m-->[39m [37mGET[39m [37m/wd/hub/session/4a67d9e4-7661-4f5d-a861-52d9644f2ef9[39m
[35m[HTTP][39m [90m{}[39m
[debug] [35m[W3C (4a67d9e4)][39m Calling AppiumDriver.getSession() with args: ["4a67d9e4-7661-4f5d-a861-52d9644f2ef9"]
[debug] [35m[UiAutomator2][39m Getting session details from server to mix in
[debug] [35m[WD Proxy][39m Matched '/' to command name 'getSession'
[debug] [35m[WD Proxy][39m Proxying [GET /] to [GET http://127.0.0.1:64007/wd/hub/session/4d2c0f11-b839-4911-8295-b2e66d39dc3d] with no body
[debug] [35m[WD Proxy][39m Got response with status 200: {"sessionId":"4d2c0f11-b839-4911-8295-b2e66d39dc3d","value":{"lastScrollData":null}}
[debug] [35m[W3C (4a67d9e4)][39m Responding to client with driver.getSession() result: {"platform":"ANDROID","webStorageEnabled":false,"takesScreenshot":true,"javascriptEnabled":true,"databaseEnabled":false,"networkConnectionEnabled":true,"locationContextEnabled":false,"warnings":{},"desired":{"platformName":"android","platform":"ANDROID","chromedriverPort":64009,"app":"C:\\Users\\Muhifa\\Downloads\\Android-MyDemoAppRN.1.2.0.build-231.apk","autoGrantPermissions":true,"automationName":"uiautomator2","deviceName":"emulator-5554 (sdk_gphone_x86 - Android 11)","fullReset":true,"newCommandTimeout":1800,"noReset":false,"platformVersion":"11","systemPort":64007,"udid":"emulator-5554"},"platformName":"android","chromedriverPort":64009,"app":"C:\\Users\\Muhifa\\Downloads\\Android-MyDemoAppRN.1.2.0.build-231.apk","autoGrantPermissions":true,"automationName":"uiautomator2","deviceName":"emulator-5554","fullReset":true,"newCommandTimeout":1800,"noReset":false,"platformVersion":"11","systemPort":64007,"udid":"emulator-5554","deviceUDID":"emulator-5554","appPackage":"com.saucelabs.mydemoapp.rn","deviceApi...
[35m[HTTP][39m [37m<-- GET /wd/hub/session/4a67d9e4-7661-4f5d-a861-52d9644f2ef9 [39m[32m200[39m [90m13 ms - 1281[39m
[35m[HTTP][39m [90m[39m
[35m[HTTP][39m [37m-->[39m [37mGET[39m [37m/wd/hub/session/4a67d9e4-7661-4f5d-a861-52d9644f2ef9[39m
[35m[HTTP][39m [90m{}[39m
[debug] [35m[W3C (4a67d9e4)][39m Calling AppiumDriver.getSession() with args: ["4a67d9e4-7661-4f5d-a861-52d9644f2ef9"]
[debug] [35m[UiAutomator2][39m Getting session details from server to mix in
[debug] [35m[WD Proxy][39m Matched '/' to command name 'getSession'
[debug] [35m[WD Proxy][39m Proxying [GET /] to [GET http://127.0.0.1:64007/wd/hub/session/4d2c0f11-b839-4911-8295-b2e66d39dc3d] with no body
[debug] [35m[WD Proxy][39m Got response with status 200: {"sessionId":"4d2c0f11-b839-4911-8295-b2e66d39dc3d","value":{"lastScrollData":null}}
[debug] [35m[W3C (4a67d9e4)][39m Responding to client with driver.getSession() result: {"platform":"ANDROID","webStorageEnabled":false,"takesScreenshot":true,"javascriptEnabled":true,"databaseEnabled":false,"networkConnectionEnabled":true,"locationContextEnabled":false,"warnings":{},"desired":{"platformName":"android","platform":"ANDROID","chromedriverPort":64009,"app":"C:\\Users\\Muhifa\\Downloads\\Android-MyDemoAppRN.1.2.0.build-231.apk","autoGrantPermissions":true,"automationName":"uiautomator2","deviceName":"emulator-5554 (sdk_gphone_x86 - Android 11)","fullReset":true,"newCommandTimeout":1800,"noReset":false,"platformVersion":"11","systemPort":64007,"udid":"emulator-5554"},"platformName":"android","chromedriverPort":64009,"app":"C:\\Users\\Muhifa\\Downloads\\Android-MyDemoAppRN.1.2.0.build-231.apk","autoGrantPermissions":true,"automationName":"uiautomator2","deviceName":"emulator-5554","fullReset":true,"newCommandTimeout":1800,"noReset":false,"platformVersion":"11","systemPort":64007,"udid":"emulator-5554","deviceUDID":"emulator-5554","appPackage":"com.saucelabs.mydemoapp.rn","deviceApi...
[35m[HTTP][39m [37m<-- GET /wd/hub/session/4a67d9e4-7661-4f5d-a861-52d9644f2ef9 [39m[32m200[39m [90m10 ms - 1281[39m
[35m[HTTP][39m [90m[39m
[35m[HTTP][39m [37m-->[39m [37mGET[39m [37m/wd/hub/status[39m
[35m[HTTP][39m [90m{}[39m
[debug] [35m[GENERIC][39m Calling AppiumDriver.getStatus() with args: []
[debug] [35m[GENERIC][39m Responding to client with driver.getStatus() result: {"build":{"version":"1.22.3"}}
[35m[HTTP][39m [37m<-- GET /wd/hub/status [39m[32m200[39m [90m2 ms - 68[39m
[35m[HTTP][39m [90m[39m
[35m[HTTP][39m [37m-->[39m [37mPOST[39m [37m/wd/hub/session/4a67d9e4-7661-4f5d-a861-52d9644f2ef9/timeouts[39m
[35m[HTTP][39m [90m{"implicit":30000}[39m
[debug] [35m[W3C (4a67d9e4)][39m Calling AppiumDriver.timeouts() with args: [null,null,null,null,30000,"4a67d9e4-7661-4f5d-a861-52d9644f2ef9"]
[debug] [35m[BaseDriver][39m W3C timeout argument: {"implicit":30000}}
[debug] [35m[BaseDriver][39m Set implicit wait to 30000ms
[debug] [35m[W3C (4a67d9e4)][39m Responding to client with driver.timeouts() result: null
[35m[HTTP][39m [37m<-- POST /wd/hub/session/4a67d9e4-7661-4f5d-a861-52d9644f2ef9/timeouts [39m[32m200[39m [90m4 ms - 14[39m
[35m[HTTP][39m [90m[39m
[35m[HTTP][39m [37m-->[39m [37mGET[39m [37m/wd/hub/session/4a67d9e4-7661-4f5d-a861-52d9644f2ef9/screenshot[39m
[35m[HTTP][39m [90m{}[39m
[debug] [35m[W3C (4a67d9e4)][39m Calling AppiumDriver.getScreenshot() with args: ["4a67d9e4-7661-4f5d-a861-52d9644f2ef9"]
[debug] [35m[WD Proxy][39m Matched '/screenshot' to command name 'getScreenshot'
[debug] [35m[WD Proxy][39m Proxying [GET /screenshot] to [GET http://127.0.0.1:64007/wd/hub/session/4d2c0f11-b839-4911-8295-b2e66d39dc3d/screenshot] with no body
[debug] [35m[WD Proxy][39m Got response with status 200: {"sessionId":"4d2c0f11-b839-4911-8295-b2e66d39dc3d","value":"iVBORw0KGgoAAAANSUhEUgAABDgAAAeACAYAAAArYecKAAAAAXNSR0IArs4c6QAAAARzQklUCAgI\nCHwIZIgAACAASURBVHic7N1ncFzXmSbg99zbCWh0IycikmDOQZFKJK1AOKwke2hTchqNZ8renXFN\nTc2P2R9btTW1qXZqq2ZrZzzlKQeNPWUrW5ZlW6QoiQoUxRxBgiByzqEDOt979schmgARG+xG0vtU\nuSyiu+893ehu8rz3nO8TUkoJIiIiIiIiIqJlTFvsARARERERERER3S0GHERERERERES07DHgICIi\nIiIiIqJljwEHERERERERES17DDiIiIiIiIiIaNljwEFEREREREREyx4DDiIiIiIiIiJa9hhwEBER\nEREREdGyx4CDiIiIiIiIiJY9BhxEREREREREtOwx4CAiIiIiIiKiZc+y2AMgWkxSSvj9ftTX16O5\nuRmDg4MIBoMAgLS0NGRnZ2P16tVYt24d3G43hBCLPGIiIiIiIiKaipBSysUeBNFC6+/vx7Fjx9DT\n0wMpJWb7GAghIIRAXl4ennrqKRQWFi7QSImIiIiIiGguGHDQ54rX68VPfvKTWQON2Qgh8Dd/8zfQ\nNO7yIiIiIiJa6sLhMPr7+9HX14dQKIT+/n6EQqH47Q6HA/n5+XA4HCgoKEB+fj7sdvsijvju9fX1\noaCgIOXnOH78+Iz32b9/f8rHMYZbVGhawWAQDQ0N6OzsnPL2oqIiVFVVweVyLfDIEheLxfDSSy+h\nr6/vrsMNQG1tOXLkCL74xS8mYXQLIxKJoKamBl6vN+HH2u12rFmzBrm5ubBY+LVBREREREufx+NB\nY2Mj6uvr0d7ePuv96+vrJ/y5rKwM69atQ1VVFTIzM1M1zJSoqalBTU0NDh8+nNLzhMPhWV/bcDic\n0jGMx5kKTau3txfXrl1Db2/v...
[debug] [35m[W3C (4a67d9e4)][39m Responding to client with driver.getScreenshot() result: "iVBORw0KGgoAAAANSUhEUgAABDgAAAeACAYAAAArYecKAAAAAXNSR0IArs4c6QAAAARzQklUCAgI\nCHwIZIgAACAASURBVHic7N1ncFzXmSbg99zbCWh0IycikmDOQZFKJK1AOKwke2hTchqNZ8renXFN\nTc2P2R9btTW1qXZqq2ZrZzzlKQeNPWUrW5ZlW6QoiQoUxRxBgiByzqEDOt979schmgARG+xG0vtU\nuSyiu+893ehu8rz3nO8TUkoJIiIiIiIiIqJlTFvsARARERERERER3S0GHERERERERES07DHgICIi\nIiIiIqJljwEHERERERERES17DDiIiIiIiIiIaNljwEFEREREREREyx4DDiIiIiIiIiJa9hhwEBER\nEREREdGyx4CDiIiIiIiIiJY9BhxEREREREREtOwx4CAiIiIiIiKiZc+y2AMgWkxSSvj9ftTX16O5\nuRmDg4MIBoMAgLS0NGRnZ2P16tVYt24d3G43hBCLPGIiIiIiIiKaipBSysUeBNFC6+/vx7Fjx9DT\n0wMpJWb7GAghIIRAXl4ennrqKRQWFi7QSImIiIiIiGguGHDQ54rX68VPfvKTWQON2Qgh8Dd/8zfQ\nNO7yIiIiIiJa6sLhMPr7+9HX14dQKIT+/n6EQqH47Q6HA/n5+XA4HCgoKEB+fj7sdvsijvju9fX1\noaCgIOXnOH78+Iz32b9/f8rHMYZbVGhawWAQDQ0N6OzsnPL2oqIiVFVVweVyLfDIEheLxfDSSy+h\nr6/vrsMNQG1tOXLkCL74xS8mYXQLIxKJoKamBl6vN+HH2u12rFmzBrm5ubBY+LVBREREREufx+NB\nY2Mj6uvr0d7ePuv96+vrJ/y5rKwM69atQ1VVFTIzM1M1zJSoqalBTU0NDh8+nNLzhMPhWV/bcDic\n0jGMx5kKTau3txfXrl1Db2/vlLcPDg4iIyNjyQccHo8HP//5z2EYRlKP29DQACklhBCIRqOwWq1J\nPX4yRS...
[35m[HTTP][39m [37m<-- GET /wd/hub/session/4a67d9e4-7661-4f5d-a861-52d9644f2ef9/screenshot [39m[32m200[39m [90m758 ms - 1722450[39m
[35m[HTTP][39m [90m[39m
[35m[HTTP][39m [37m-->[39m [37mGET[39m [37m/wd/hub/session/4a67d9e4-7661-4f5d-a861-52d9644f2ef9/window/rect[39m
[35m[HTTP][39m [90m{}[39m
[debug] [35m[W3C (4a67d9e4)][39m Calling AppiumDriver.getWindowRect() with args: ["4a67d9e4-7661-4f5d-a861-52d9644f2ef9"]
[debug] [35m[WD Proxy][39m Matched '/window/current/size' to command name 'getWindowSize'
[debug] [35m[WD Proxy][39m Proxying [GET /window/current/size] to [GET http://127.0.0.1:64007/wd/hub/session/4d2c0f11-b839-4911-8295-b2e66d39dc3d/window/current/size] with no body
[debug] [35m[WD Proxy][39m Got response with status 200: {"sessionId":"4d2c0f11-b839-4911-8295-b2e66d39dc3d","value":{"height":1794,"width":1080}}
[debug] [35m[W3C (4a67d9e4)][39m Responding to client with driver.getWindowRect() result: {"width":1080,"height":1794,"x":0,"y":0}
[35m[HTTP][39m [37m<-- GET /wd/hub/session/4a67d9e4-7661-4f5d-a861-52d9644f2ef9/window/rect [39m[32m200[39m [90m35 ms - 50[39m
[35m[HTTP][39m [90m[39m
[35m[HTTP][39m [37m-->[39m [37mGET[39m [37m/wd/hub/session/4a67d9e4-7661-4f5d-a861-52d9644f2ef9/appium/device/system_bars[39m
[35m[HTTP][39m [90m{}[39m
[debug] [35m[W3C (4a67d9e4)][39m Calling AppiumDriver.getSystemBars() with args: ["4a67d9e4-7661-4f5d-a861-52d9644f2ef9"]
[debug] [35m[ADB][39m Running 'C:\Users\Muhifa\.katalon\tools\android_sdk\platform-tools\adb.exe -P 5037 -s emulator-5554 shell dumpsys window windows'
[debug] [35m[W3C (4a67d9e4)][39m Responding to client with driver.getSystemBars() result: {"statusBar":{"visible":true,"x":0,"y":0,"width":1080,"height":63},"navigationBar":{"visible":true,"x":0,"y":0,"width":1080,"height":126}}
[35m[HTTP][39m [37m<-- GET /wd/hub/session/4a67d9e4-7661-4f5d-a861-52d9644f2ef9/appium/device/system_bars [39m[32m200[39m [90m278 ms - 148[39m
[35m[HTTP][39m [90m[39m
[35m[HTTP][39m [37m-->[39m [37mPOST[39m [37m/wd/hub/session/4a67d9e4-7661-4f5d-a861-52d9644f2ef9/timeouts[39m
[35m[HTTP][39m [90m{"implicit":50}[39m
[debug] [35m[W3C (4a67d9e4)][39m Calling AppiumDriver.timeouts() with args: [null,null,null,null,50,"4a67d9e4-7661-4f5d-a861-52d9644f2ef9"]
[debug] [35m[BaseDriver][39m W3C timeout argument: {"implicit":50}}
[debug] [35m[BaseDriver][39m Set implicit wait to 50ms
[debug] [35m[W3C (4a67d9e4)][39m Responding to client with driver.timeouts() result: null
[35m[HTTP][39m [37m<-- POST /wd/hub/session/4a67d9e4-7661-4f5d-a861-52d9644f2ef9/timeouts [39m[32m200[39m [90m3 ms - 14[39m
[35m[HTTP][39m [90m[39m
[35m[HTTP][39m [37m-->[39m [37mGET[39m [37m/wd/hub/session/4a67d9e4-7661-4f5d-a861-52d9644f2ef9/window/rect[39m
[35m[HTTP][39m [90m{}[39m
[debug] [35m[W3C (4a67d9e4)][39m Calling AppiumDriver.getWindowRect() with args: ["4a67d9e4-7661-4f5d-a861-52d9644f2ef9"]
[debug] [35m[WD Proxy][39m Matched '/window/current/size' to command name 'getWindowSize'
[debug] [35m[WD Proxy][39m Proxying [GET /window/current/size] to [GET http://127.0.0.1:64007/wd/hub/session/4d2c0f11-b839-4911-8295-b2e66d39dc3d/window/current/size] with no body
[debug] [35m[WD Proxy][39m Got response with status 200: {"sessionId":"4d2c0f11-b839-4911-8295-b2e66d39dc3d","value":{"height":1794,"width":1080}}
[debug] [35m[W3C (4a67d9e4)][39m Responding to client with driver.getWindowRect() result: {"width":1080,"height":1794,"x":0,"y":0}
[35m[HTTP][39m [37m<-- GET /wd/hub/session/4a67d9e4-7661-4f5d-a861-52d9644f2ef9/window/rect [39m[32m200[39m [90m12 ms - 50[39m
[35m[HTTP][39m [90m[39m
[35m[HTTP][39m [37m-->[39m [37mPOST[39m [37m/wd/hub/session/4a67d9e4-7661-4f5d-a861-52d9644f2ef9/elements[39m
[35m[HTTP][39m [90m{"using":"xpath","value":"//hierarchy/android.widget.FrameLayout[1]/android.widget.LinearLayout[1]/android.widget.FrameLayout[1]/android.widget.LinearLayout[1]/android.widget.FrameLayout[1]/android.widget.FrameLayout[1]/android.view.ViewGroup[1]/android.view.ViewGroup[1]/android.view.ViewGroup[1]/android.view.ViewGroup[1]/android.view.ViewGroup[1]/android.view.ViewGroup[1]/android.widget.FrameLayout[1]/android.view.ViewGroup[1]/android.view.ViewGroup[1]/android.view.ViewGroup[1]/android.view.ViewGroup[1]/android.view.ViewGroup[1]/android.widget.FrameLayout[1]/android.view.ViewGroup[1]/android.view.ViewGroup[1]/android.view.ViewGroup[1]/android.view.ViewGroup[1]/android.view.ViewGroup[1]/android.view.ViewGroup[1]/android.view.ViewGroup[1]/android.view.ViewGroup[1]/android.view.ViewGroup[1]/android.widget.ImageView[1]"}[39m
[debug] [35m[W3C (4a67d9e4)][39m Calling AppiumDriver.findElements() with args: ["xpath","//hierarchy/android.widget.FrameLayout[1]/android.widget.LinearLayout[1]/android.widget.FrameLayout[1]/android.widget.LinearLayout[1]/android.widget.FrameLayout[1]/android.widget.FrameLayout[1]/android.view.ViewGroup[1]/android.view.ViewGroup[1]/android.view.ViewGroup[1]/android.view.ViewGroup[1]/android.view.ViewGroup[1]/android.view.ViewGroup[1]/android.widget.FrameLayout[1]/android.view.ViewGroup[1]/android.view.ViewGroup[1]/android.view.ViewGroup[1]/android.view.ViewGroup[1]/android.view.ViewGroup[1]/android.widget.FrameLayout[1]/android.view.ViewGroup[1]/android.view.ViewGroup[1]/android.view.ViewGroup[1]/android.view.ViewGroup[1]/android.view.ViewGroup[1]/android.view.ViewGroup[1]/android.view.ViewGroup[1]/android.view.ViewGroup[1]/android.view.ViewGroup[1]/android.widget.ImageView[1]","4a67d9e4-7661-4f5d-a861-52d9644f2ef9"]
[debug] [35m[BaseDriver][39m Valid locator strategies for this request: xpath, id, class name, accessibility id, css selector, -android uiautomator
[debug] [35m[BaseDriver][39m Waiting up to 50 ms for condition
[debug] [35m[WD Proxy][39m Matched '/elements' to command name 'findElements'
[debug] [35m[WD Proxy][39m Proxying [POST /elements] to [POST http://127.0.0.1:64007/wd/hub/session/4d2c0f11-b839-4911-8295-b2e66d39dc3d/elements] with body: {"strategy":"xpath","selector":"//hierarchy/android.widget.FrameLayout[1]/android.widget.LinearLayout[1]/android.widget.FrameLayout[1]/android.widget.LinearLayout[1]/android.widget.FrameLayout[1]/android.widget.FrameLayout[1]/android.view.ViewGroup[1]/android.view.ViewGroup[1]/android.view.ViewGroup[1]/android.view.ViewGroup[1]/android.view.ViewGroup[1]/android.view.ViewGroup[1]/android.widget.FrameLayout[1]/android.view.ViewGroup[1]/android.view.ViewGroup[1]/android.view.ViewGroup[1]/android.view.ViewGroup[1]/android.view.ViewGroup[1]/android.widget.FrameLayout[1]/android.view.ViewGroup[1]/android.view.ViewGroup[1]/android.view.ViewGroup[1]/android.view.ViewGroup[1]/android.view.ViewGroup[1]/android.view.ViewGroup[1]/android.view.ViewGroup[1]/android.view.ViewGroup[1]/android.view.ViewGroup[1]/android.widget.ImageView[1]","context":"","multiple":true}
[debug] [35m[WD Proxy][39m Got response with status 200: {"sessionId":"4d2c0f11-b839-4911-8295-b2e66d39dc3d","value":[{"ELEMENT":"00000000-0000-014d-ffff-ffff00000025","element-6066-11e4-a52e-4f735466cecf":"00000000-0000-014d-ffff-ffff00000025"}]}
[debug] [35m[W3C (4a67d9e4)][39m Responding to client with driver.findElements() result: [{"element-6066-11e4-a52e-4f735466cecf":"00000000-0000-014d-ffff-ffff00000025","ELEMENT":"00000000-0000-014d-ffff-ffff00000025"}]
[35m[HTTP][39m [37m<-- POST /wd/hub/session/4a67d9e4-7661-4f5d-a861-52d9644f2ef9/elements [39m[32m200[39m [90m404 ms - 139[39m
[35m[HTTP][39m [90m[39m
[35m[HTTP][39m [37m-->[39m [37mGET[39m [37m/wd/hub/session/4a67d9e4-7661-4f5d-a861-52d9644f2ef9/element/00000000-0000-014d-ffff-ffff00000025/location[39m
[35m[HTTP][39m [90m{}[39m
[35m[W3C (4a67d9e4)][39m Driver proxy active, passing request on via HTTP proxy
[debug] [35m[WD Proxy][39m Matched '/wd/hub/session/4a67d9e4-7661-4f5d-a861-52d9644f2ef9/element/00000000-0000-014d-ffff-ffff00000025/location' to command name 'getLocation'
[debug] [35m[WD Proxy][39m Proxying [GET /wd/hub/session/4a67d9e4-7661-4f5d-a861-52d9644f2ef9/element/00000000-0000-014d-ffff-ffff00000025/location] to [GET http://127.0.0.1:64007/wd/hub/session/4d2c0f11-b839-4911-8295-b2e66d39dc3d/element/00000000-0000-014d-ffff-ffff00000025/location] with no body
[debug] [35m[WD Proxy][39m Got response with status 200: {"sessionId":"4d2c0f11-b839-4911-8295-b2e66d39dc3d","value":{"x":53,"y":96}}
[35m[WD Proxy][39m Replacing sessionId 4d2c0f11-b839-4911-8295-b2e66d39dc3d with 4a67d9e4-7661-4f5d-a861-52d9644f2ef9
[35m[HTTP][39m [37m<-- GET /wd/hub/session/4a67d9e4-7661-4f5d-a861-52d9644f2ef9/element/00000000-0000-014d-ffff-ffff00000025/location [39m[32m200[39m [90m24 ms - 76[39m
[35m[HTTP][39m [90m[39m
[35m[HTTP][39m [37m-->[39m [37mPOST[39m [37m/wd/hub/session/4a67d9e4-7661-4f5d-a861-52d9644f2ef9/timeouts[39m
[35m[HTTP][39m [90m{"implicit":30000}[39m
[debug] [35m[W3C (4a67d9e4)][39m Calling AppiumDriver.timeouts() with args: [null,null,null,null,30000,"4a67d9e4-7661-4f5d-a861-52d9644f2ef9"]
[debug] [35m[BaseDriver][39m W3C timeout argument: {"implicit":30000}}
[debug] [35m[BaseDriver][39m Set implicit wait to 30000ms
[debug] [35m[W3C (4a67d9e4)][39m Responding to client with driver.timeouts() result: null
[35m[HTTP][39m [37m<-- POST /wd/hub/session/4a67d9e4-7661-4f5d-a861-52d9644f2ef9/timeouts [39m[32m200[39m [90m2 ms - 14[39m
[35m[HTTP][39m [90m[39m
[35m[HTTP][39m [37m-->[39m [37mPOST[39m [37m/wd/hub/session/4a67d9e4-7661-4f5d-a861-52d9644f2ef9/element/00000000-0000-014d-ffff-ffff00000025/click[39m
[35m[HTTP][39m [90m{"id":"00000000-0000-014d-ffff-ffff00000025"}[39m
[debug] [35m[W3C (4a67d9e4)][39m Calling AppiumDriver.click() with args: ["00000000-0000-014d-ffff-ffff00000025","4a67d9e4-7661-4f5d-a861-52d9644f2ef9"]
[debug] [35m[WD Proxy][39m Matched '/element/00000000-0000-014d-ffff-ffff00000025/click' to command name 'click'
[debug] [35m[WD Proxy][39m Proxying [POST /element/00000000-0000-014d-ffff-ffff00000025/click] to [POST http://127.0.0.1:64007/wd/hub/session/4d2c0f11-b839-4911-8295-b2e66d39dc3d/element/00000000-0000-014d-ffff-ffff00000025/click] with body: {"element":"00000000-0000-014d-ffff-ffff00000025"}
[debug] [35m[WD Proxy][39m Got response with status 200: {"sessionId":"4d2c0f11-b839-4911-8295-b2e66d39dc3d","value":null}
[debug] [35m[W3C (4a67d9e4)][39m Responding to client with driver.click() result: null
[35m[HTTP][39m [37m<-- POST /wd/hub/session/4a67d9e4-7661-4f5d-a861-52d9644f2ef9/element/00000000-0000-014d-ffff-ffff00000025/click [39m[32m200[39m [90m72 ms - 14[39m
[35m[HTTP][39m [90m[39m
[35m[HTTP][39m [37m-->[39m [37mPOST[39m [37m/wd/hub/session/4a67d9e4-7661-4f5d-a861-52d9644f2ef9/timeouts[39m
[35m[HTTP][39m [90m{"implicit":50}[39m
[debug] [35m[W3C (4a67d9e4)][39m Calling AppiumDriver.timeouts() with args: [null,null,null,null,50,"4a67d9e4-7661-4f5d-a861-52d9644f2ef9"]
[debug] [35m[BaseDriver][39m W3C timeout argument: {"implicit":50}}
[debug] [35m[BaseDriver][39m Set implicit wait to 50ms
[debug] [35m[W3C (4a67d9e4)][39m Responding to client with driver.timeouts() result: null
[35m[HTTP][39m [37m<-- POST /wd/hub/session/4a67d9e4-7661-4f5d-a861-52d9644f2ef9/timeouts [39m[32m200[39m [90m2 ms - 14[39m
[35m[HTTP][39m [90m[39m
[35m[HTTP][39m [37m-->[39m [37mGET[39m [37m/wd/hub/session/4a67d9e4-7661-4f5d-a861-52d9644f2ef9/window/rect[39m
[35m[HTTP][39m [90m{}[39m
[debug] [35m[W3C (4a67d9e4)][39m Calling AppiumDriver.getWindowRect() with args: ["4a67d9e4-7661-4f5d-a861-52d9644f2ef9"]
[debug] [35m[WD Proxy][39m Matched '/window/current/size' to command name 'getWindowSize'
[debug] [35m[WD Proxy][39m Proxying [GET /window/current/size] to [GET http://127.0.0.1:64007/wd/hub/session/4d2c0f11-b839-4911-8295-b2e66d39dc3d/window/current/size] with no body
[debug] [35m[WD Proxy][39m Got response with status 200: {"sessionId":"4d2c0f11-b839-4911-8295-b2e66d39dc3d","value":{"height":1794,"width":1080}}
[debug] [35m[W3C (4a67d9e4)][39m Responding to client with driver.getWindowRect() result: {"width":1080,"height":1794,"x":0,"y":0}
[35m[HTTP][39m [37m<-- GET /wd/hub/session/4a67d9e4-7661-4f5d-a861-52d9644f2ef9/window/rect [39m[32m200[39m [90m11 ms - 50[39m
[35m[HTTP][39m [90m[39m
[35m[HTTP][39m [37m-->[39m [37mPOST[39m [37m/wd/hub/session/4a67d9e4-7661-4f5d-a861-52d9644f2ef9/elements[39m
[35m[HTTP][39m [90m{"using":"xpath","value":"//*[@class = 'android.widget.TextView' and (@text = 'Log In' or . = 'Log In')]"}[39m
[debug] [35m[W3C (4a67d9e4)][39m Calling AppiumDriver.findElements() with args: ["xpath","//*[@class = 'android.widget.TextView' and (@text = 'Log In' or . = 'Log In')]","4a67d9e4-7661-4f5d-a861-52d9644f2ef9"]
[debug] [35m[BaseDriver][39m Valid locator strategies for this request: xpath, id, class name, accessibility id, css selector, -android uiautomator
[debug] [35m[BaseDriver][39m Waiting up to 50 ms for condition
[debug] [35m[WD Proxy][39m Matched '/elements' to command name 'findElements'
[debug] [35m[WD Proxy][39m Proxying [POST /elements] to [POST http://127.0.0.1:64007/wd/hub/session/4d2c0f11-b839-4911-8295-b2e66d39dc3d/elements] with body: {"strategy":"xpath","selector":"//*[@class = 'android.widget.TextView' and (@text = 'Log In' or . = 'Log In')]","context":"","multiple":true}
[debug] [35m[WD Proxy][39m Got response with status 200: {"sessionId":"4d2c0f11-b839-4911-8295-b2e66d39dc3d","value":[{"ELEMENT":"00000000-0000-014d-ffff-ffff00000085","element-6066-11e4-a52e-4f735466cecf":"00000000-0000-014d-ffff-ffff00000085"}]}
[debug] [35m[W3C (4a67d9e4)][39m Responding to client with driver.findElements() result: [{"element-6066-11e4-a52e-4f735466cecf":"00000000-0000-014d-ffff-ffff00000085","ELEMENT":"00000000-0000-014d-ffff-ffff00000085"}]
[35m[HTTP][39m [37m<-- POST /wd/hub/session/4a67d9e4-7661-4f5d-a861-52d9644f2ef9/elements [39m[32m200[39m [90m1487 ms - 139[39m
[35m[HTTP][39m [90m[39m
[35m[HTTP][39m [37m-->[39m [37mGET[39m [37m/wd/hub/session/4a67d9e4-7661-4f5d-a861-52d9644f2ef9/element/00000000-0000-014d-ffff-ffff00000085/location[39m
[35m[HTTP][39m [90m{}[39m
[35m[W3C (4a67d9e4)][39m Driver proxy active, passing request on via HTTP proxy
[debug] [35m[WD Proxy][39m Matched '/wd/hub/session/4a67d9e4-7661-4f5d-a861-52d9644f2ef9/element/00000000-0000-014d-ffff-ffff00000085/location' to command name 'getLocation'
[debug] [35m[WD Proxy][39m Proxying [GET /wd/hub/session/4a67d9e4-7661-4f5d-a861-52d9644f2ef9/element/00000000-0000-014d-ffff-ffff00000085/location] to [GET http://127.0.0.1:64007/wd/hub/session/4d2c0f11-b839-4911-8295-b2e66d39dc3d/element/00000000-0000-014d-ffff-ffff00000085/location] with no body
[debug] [35m[WD Proxy][39m Got response with status 200: {"sessionId":"4d2c0f11-b839-4911-8295-b2e66d39dc3d","value":{"x":0,"y":1561}}
[35m[WD Proxy][39m Replacing sessionId 4d2c0f11-b839-4911-8295-b2e66d39dc3d with 4a67d9e4-7661-4f5d-a861-52d9644f2ef9
[35m[HTTP][39m [37m<-- GET /wd/hub/session/4a67d9e4-7661-4f5d-a861-52d9644f2ef9/element/00000000-0000-014d-ffff-ffff00000085/location [39m[32m200[39m [90m14 ms - 77[39m
[35m[HTTP][39m [90m[39m
[35m[HTTP][39m [37m-->[39m [37mPOST[39m [37m/wd/hub/session/4a67d9e4-7661-4f5d-a861-52d9644f2ef9/timeouts[39m
[35m[HTTP][39m [90m{"implicit":30000}[39m
[debug] [35m[W3C (4a67d9e4)][39m Calling AppiumDriver.timeouts() with args: [null,null,null,null,30000,"4a67d9e4-7661-4f5d-a861-52d9644f2ef9"]
[debug] [35m[BaseDriver][39m W3C timeout argument: {"implicit":30000}}
[debug] [35m[BaseDriver][39m Set implicit wait to 30000ms
[debug] [35m[W3C (4a67d9e4)][39m Responding to client with driver.timeouts() result: null
[35m[HTTP][39m [37m<-- POST /wd/hub/session/4a67d9e4-7661-4f5d-a861-52d9644f2ef9/timeouts [39m[32m200[39m [90m1 ms - 14[39m
[35m[HTTP][39m [90m[39m
[35m[HTTP][39m [37m-->[39m [37mPOST[39m [37m/wd/hub/session/4a67d9e4-7661-4f5d-a861-52d9644f2ef9/element/00000000-0000-014d-ffff-ffff00000085/click[39m
[35m[HTTP][39m [90m{"id":"00000000-0000-014d-ffff-ffff00000085"}[39m
[debug] [35m[W3C (4a67d9e4)][39m Calling AppiumDriver.click() with args: ["00000000-0000-014d-ffff-ffff00000085","4a67d9e4-7661-4f5d-a861-52d9644f2ef9"]
[debug] [35m[WD Proxy][39m Matched '/element/00000000-0000-014d-ffff-ffff00000085/click' to command name 'click'
[debug] [35m[WD Proxy][39m Proxying [POST /element/00000000-0000-014d-ffff-ffff00000085/click] to [POST http://127.0.0.1:64007/wd/hub/session/4d2c0f11-b839-4911-8295-b2e66d39dc3d/element/00000000-0000-014d-ffff-ffff00000085/click] with body: {"element":"00000000-0000-014d-ffff-ffff00000085"}
[debug] [35m[WD Proxy][39m Got response with status 200: {"sessionId":"4d2c0f11-b839-4911-8295-b2e66d39dc3d","value":null}
[debug] [35m[W3C (4a67d9e4)][39m Responding to client with driver.click() result: null
[35m[HTTP][39m [37m<-- POST /wd/hub/session/4a67d9e4-7661-4f5d-a861-52d9644f2ef9/element/00000000-0000-014d-ffff-ffff00000085/click [39m[32m200[39m [90m70 ms - 14[39m
[35m[HTTP][39m [90m[39m
[35m[HTTP][39m [37m-->[39m [37mPOST[39m [37m/wd/hub/session/4a67d9e4-7661-4f5d-a861-52d9644f2ef9/timeouts[39m
[35m[HTTP][39m [90m{"implicit":50}[39m
[debug] [35m[W3C (4a67d9e4)][39m Calling AppiumDriver.timeouts() with args: [null,null,null,null,50,"4a67d9e4-7661-4f5d-a861-52d9644f2ef9"]
[debug] [35m[BaseDriver][39m W3C timeout argument: {"implicit":50}}
[debug] [35m[BaseDriver][39m Set implicit wait to 50ms
[debug] [35m[W3C (4a67d9e4)][39m Responding to client with driver.timeouts() result: null
[35m[HTTP][39m [37m<-- POST /wd/hub/session/4a67d9e4-7661-4f5d-a861-52d9644f2ef9/timeouts [39m[32m200[39m [90m2 ms - 14[39m
[35m[HTTP][39m [90m[39m
[35m[HTTP][39m [37m-->[39m [37mGET[39m [37m/wd/hub/session/4a67d9e4-7661-4f5d-a861-52d9644f2ef9/window/rect[39m
[35m[HTTP][39m [90m{}[39m
[debug] [35m[W3C (4a67d9e4)][39m Calling AppiumDriver.getWindowRect() with args: ["4a67d9e4-7661-4f5d-a861-52d9644f2ef9"]
[debug] [35m[WD Proxy][39m Matched '/window/current/size' to command name 'getWindowSize'
[debug] [35m[WD Proxy][39m Proxying [GET /window/current/size] to [GET http://127.0.0.1:64007/wd/hub/session/4d2c0f11-b839-4911-8295-b2e66d39dc3d/window/current/size] with no body
[debug] [35m[WD Proxy][39m Got response with status 200: {"sessionId":"4d2c0f11-b839-4911-8295-b2e66d39dc3d","value":{"height":1794,"width":1080}}
[debug] [35m[W3C (4a67d9e4)][39m Responding to client with driver.getWindowRect() result: {"width":1080,"height":1794,"x":0,"y":0}
[35m[HTTP][39m [37m<-- GET /wd/hub/session/4a67d9e4-7661-4f5d-a861-52d9644f2ef9/window/rect [39m[32m200[39m [90m13 ms - 50[39m
[35m[HTTP][39m [90m[39m
[35m[HTTP][39m [37m-->[39m [37mPOST[39m [37m/wd/hub/session/4a67d9e4-7661-4f5d-a861-52d9644f2ef9/elements[39m
[35m[HTTP][39m [90m{"using":"accessibility id","value":"Username input field"}[39m
[debug] [35m[W3C (4a67d9e4)][39m Calling AppiumDriver.findElements() with args: ["accessibility id","Username input field","4a67d9e4-7661-4f5d-a861-52d9644f2ef9"]
[debug] [35m[BaseDriver][39m Valid locator strategies for this request: xpath, id, class name, accessibility id, css selector, -android uiautomator
[debug] [35m[BaseDriver][39m Waiting up to 50 ms for condition
[debug] [35m[WD Proxy][39m Matched '/elements' to command name 'findElements'
[debug] [35m[WD Proxy][39m Proxying [POST /elements] to [POST http://127.0.0.1:64007/wd/hub/session/4d2c0f11-b839-4911-8295-b2e66d39dc3d/elements] with body: {"strategy":"accessibility id","selector":"Username input field","context":"","multiple":true}
[debug] [35m[WD Proxy][39m Got response with status 200: {"sessionId":"4d2c0f11-b839-4911-8295-b2e66d39dc3d","value":[{"ELEMENT":"00000000-0000-014d-ffff-ffff000000a2","element-6066-11e4-a52e-4f735466cecf":"00000000-0000-014d-ffff-ffff000000a2"}]}
[debug] [35m[W3C (4a67d9e4)][39m Responding to client with driver.findElements() result: [{"element-6066-11e4-a52e-4f735466cecf":"00000000-0000-014d-ffff-ffff000000a2","ELEMENT":"00000000-0000-014d-ffff-ffff000000a2"}]
[35m[HTTP][39m [37m<-- POST /wd/hub/session/4a67d9e4-7661-4f5d-a861-52d9644f2ef9/elements [39m[32m200[39m [90m1318 ms - 139[39m
[35m[HTTP][39m [90m[39m
[35m[HTTP][39m [37m-->[39m [37mGET[39m [37m/wd/hub/session/4a67d9e4-7661-4f5d-a861-52d9644f2ef9/element/00000000-0000-014d-ffff-ffff000000a2/location[39m
[35m[HTTP][39m [90m{}[39m
[35m[W3C (4a67d9e4)][39m Driver proxy active, passing request on via HTTP proxy
[debug] [35m[WD Proxy][39m Matched '/wd/hub/session/4a67d9e4-7661-4f5d-a861-52d9644f2ef9/element/00000000-0000-014d-ffff-ffff000000a2/location' to command name 'getLocation'
[debug] [35m[WD Proxy][39m Proxying [GET /wd/hub/session/4a67d9e4-7661-4f5d-a861-52d9644f2ef9/element/00000000-0000-014d-ffff-ffff000000a2/location] to [GET http://127.0.0.1:64007/wd/hub/session/4d2c0f11-b839-4911-8295-b2e66d39dc3d/element/00000000-0000-014d-ffff-ffff000000a2/location] with no body
[debug] [35m[WD Proxy][39m Got response with status 200: {"sessionId":"4d2c0f11-b839-4911-8295-b2e66d39dc3d","value":{"x":53,"y":704}}
[35m[WD Proxy][39m Replacing sessionId 4d2c0f11-b839-4911-8295-b2e66d39dc3d with 4a67d9e4-7661-4f5d-a861-52d9644f2ef9
[35m[HTTP][39m [37m<-- GET /wd/hub/session/4a67d9e4-7661-4f5d-a861-52d9644f2ef9/element/00000000-0000-014d-ffff-ffff000000a2/location [39m[32m200[39m [90m12 ms - 77[39m
[35m[HTTP][39m [90m[39m
[35m[HTTP][39m [37m-->[39m [37mPOST[39m [37m/wd/hub/session/4a67d9e4-7661-4f5d-a861-52d9644f2ef9/timeouts[39m
[35m[HTTP][39m [90m{"implicit":30000}[39m
[debug] [35m[W3C (4a67d9e4)][39m Calling AppiumDriver.timeouts() with args: [null,null,null,null,30000,"4a67d9e4-7661-4f5d-a861-52d9644f2ef9"]
[debug] [35m[BaseDriver][39m W3C timeout argument: {"implicit":30000}}
[debug] [35m[BaseDriver][39m Set implicit wait to 30000ms
[debug] [35m[W3C (4a67d9e4)][39m Responding to client with driver.timeouts() result: null
[35m[HTTP][39m [37m<-- POST /wd/hub/session/4a67d9e4-7661-4f5d-a861-52d9644f2ef9/timeouts [39m[32m200[39m [90m1 ms - 14[39m
[35m[HTTP][39m [90m[39m
[35m[HTTP][39m [37m-->[39m [37mPOST[39m [37m/wd/hub/session/4a67d9e4-7661-4f5d-a861-52d9644f2ef9/element/00000000-0000-014d-ffff-ffff000000a2/clear[39m
[35m[HTTP][39m [90m{"id":"00000000-0000-014d-ffff-ffff000000a2"}[39m
[debug] [35m[W3C (4a67d9e4)][39m Calling AppiumDriver.clear() with args: ["00000000-0000-014d-ffff-ffff000000a2","4a67d9e4-7661-4f5d-a861-52d9644f2ef9"]
[debug] [35m[WD Proxy][39m Matched '/element/00000000-0000-014d-ffff-ffff000000a2/clear' to command name 'clear'
[debug] [35m[WD Proxy][39m Proxying [POST /element/00000000-0000-014d-ffff-ffff000000a2/clear] to [POST http://127.0.0.1:64007/wd/hub/session/4d2c0f11-b839-4911-8295-b2e66d39dc3d/element/00000000-0000-014d-ffff-ffff000000a2/clear] with body: {"elementId":"00000000-0000-014d-ffff-ffff000000a2"}
[debug] [35m[WD Proxy][39m Got response with status 200: {"sessionId":"4d2c0f11-b839-4911-8295-b2e66d39dc3d","value":null}
[debug] [35m[W3C (4a67d9e4)][39m Responding to client with driver.clear() result: null
[35m[HTTP][39m [37m<-- POST /wd/hub/session/4a67d9e4-7661-4f5d-a861-52d9644f2ef9/element/00000000-0000-014d-ffff-ffff000000a2/clear [39m[32m200[39m [90m17 ms - 14[39m
[35m[HTTP][39m [90m[39m
[35m[HTTP][39m [37m-->[39m [37mPOST[39m [37m/wd/hub/session/4a67d9e4-7661-4f5d-a861-52d9644f2ef9/element/00000000-0000-014d-ffff-ffff000000a2/value[39m
[35m[HTTP][39m [90m{"id":"00000000-0000-014d-ffff-ffff000000a2","text":"iqbal@example.com","value":["i","q","b","a","l","@","e","x","a","m","p","l","e",".","c","o","m"]}[39m
[debug] [35m[W3C (4a67d9e4)][39m Calling AppiumDriver.setValue() with args: [["i","q","b","a","l","@","e","x","a","m","p","l","e",".","c","o","m"],"00000000-0000-014d-ffff-ffff000000a2","4a67d9e4-7661-4f5d-a861-52d9644f2ef9"]
[debug] [35m[WD Proxy][39m Matched '/element/00000000-0000-014d-ffff-ffff000000a2/value' to command name 'setValue'
[debug] [35m[Protocol Converter][39m Added 'value' property ["i","q","b","a","l","@","e","x","a","m","p","l","e",".","c","o","m"] to 'setValue' request body
[debug] [35m[WD Proxy][39m Proxying [POST /element/00000000-0000-014d-ffff-ffff000000a2/value] to [POST http://127.0.0.1:64007/wd/hub/session/4d2c0f11-b839-4911-8295-b2e66d39dc3d/element/00000000-0000-014d-ffff-ffff000000a2/value] with body: {"elementId":"00000000-0000-014d-ffff-ffff000000a2","text":"iqbal@example.com","replace":false,"value":["i","q","b","a","l","@","e","x","a","m","p","l","e",".","c","o","m"]}
[debug] [35m[WD Proxy][39m Got response with status 200: {"sessionId":"4d2c0f11-b839-4911-8295-b2e66d39dc3d","value":null}
[debug] [35m[W3C (4a67d9e4)][39m Responding to client with driver.setValue() result: null
[35m[HTTP][39m [37m<-- POST /wd/hub/session/4a67d9e4-7661-4f5d-a861-52d9644f2ef9/element/00000000-0000-014d-ffff-ffff000000a2/value [39m[32m200[39m [90m495 ms - 14[39m
[35m[HTTP][39m [90m[39m
[35m[HTTP][39m [37m-->[39m [37mPOST[39m [37m/wd/hub/session/4a67d9e4-7661-4f5d-a861-52d9644f2ef9/timeouts[39m
[35m[HTTP][39m [90m{"implicit":50}[39m
[debug] [35m[W3C (4a67d9e4)][39m Calling AppiumDriver.timeouts() with args: [null,null,null,null,50,"4a67d9e4-7661-4f5d-a861-52d9644f2ef9"]
[debug] [35m[BaseDriver][39m W3C timeout argument: {"implicit":50}}
[debug] [35m[BaseDriver][39m Set implicit wait to 50ms
[debug] [35m[W3C (4a67d9e4)][39m Responding to client with driver.timeouts() result: null
[35m[HTTP][39m [37m<-- POST /wd/hub/session/4a67d9e4-7661-4f5d-a861-52d9644f2ef9/timeouts [39m[32m200[39m [90m1 ms - 14[39m
[35m[HTTP][39m [90m[39m
[35m[HTTP][39m [37m-->[39m [37mGET[39m [37m/wd/hub/session/4a67d9e4-7661-4f5d-a861-52d9644f2ef9/window/rect[39m
[35m[HTTP][39m [90m{}[39m
[debug] [35m[W3C (4a67d9e4)][39m Calling AppiumDriver.getWindowRect() with args: ["4a67d9e4-7661-4f5d-a861-52d9644f2ef9"]
[debug] [35m[WD Proxy][39m Matched '/window/current/size' to command name 'getWindowSize'
[debug] [35m[WD Proxy][39m Proxying [GET /window/current/size] to [GET http://127.0.0.1:64007/wd/hub/session/4d2c0f11-b839-4911-8295-b2e66d39dc3d/window/current/size] with no body
[debug] [35m[WD Proxy][39m Got response with status 200: {"sessionId":"4d2c0f11-b839-4911-8295-b2e66d39dc3d","value":{"height":1794,"width":1080}}
[debug] [35m[W3C (4a67d9e4)][39m Responding to client with driver.getWindowRect() result: {"width":1080,"height":1794,"x":0,"y":0}
[35m[HTTP][39m [37m<-- GET /wd/hub/session/4a67d9e4-7661-4f5d-a861-52d9644f2ef9/window/rect [39m[32m200[39m [90m7 ms - 50[39m
[35m[HTTP][39m [90m[39m
[35m[HTTP][39m [37m-->[39m [37mPOST[39m [37m/wd/hub/session/4a67d9e4-7661-4f5d-a861-52d9644f2ef9/elements[39m
[35m[HTTP][39m [90m{"using":"accessibility id","value":"Password input field"}[39m
[debug] [35m[W3C (4a67d9e4)][39m Calling AppiumDriver.findElements() with args: ["accessibility id","Password input field","4a67d9e4-7661-4f5d-a861-52d9644f2ef9"]
[debug] [35m[BaseDriver][39m Valid locator strategies for this request: xpath, id, class name, accessibility id, css selector, -android uiautomator
[debug] [35m[BaseDriver][39m Waiting up to 50 ms for condition
[debug] [35m[WD Proxy][39m Matched '/elements' to command name 'findElements'
[debug] [35m[WD Proxy][39m Proxying [POST /elements] to [POST http://127.0.0.1:64007/wd/hub/session/4d2c0f11-b839-4911-8295-b2e66d39dc3d/elements] with body: {"strategy":"accessibility id","selector":"Password input field","context":"","multiple":true}
[debug] [35m[WD Proxy][39m Got response with status 200: {"sessionId":"4d2c0f11-b839-4911-8295-b2e66d39dc3d","value":[{"ELEMENT":"00000000-0000-014d-ffff-ffff000000a5","element-6066-11e4-a52e-4f735466cecf":"00000000-0000-014d-ffff-ffff000000a5"}]}
[debug] [35m[W3C (4a67d9e4)][39m Responding to client with driver.findElements() result: [{"element-6066-11e4-a52e-4f735466cecf":"00000000-0000-014d-ffff-ffff000000a5","ELEMENT":"00000000-0000-014d-ffff-ffff000000a5"}]
[35m[HTTP][39m [37m<-- POST /wd/hub/session/4a67d9e4-7661-4f5d-a861-52d9644f2ef9/elements [39m[32m200[39m [90m465 ms - 139[39m
[35m[HTTP][39m [90m[39m
[35m[HTTP][39m [37m-->[39m [37mGET[39m [37m/wd/hub/session/4a67d9e4-7661-4f5d-a861-52d9644f2ef9/element/00000000-0000-014d-ffff-ffff000000a5/location[39m
[35m[HTTP][39m [90m{}[39m
[35m[W3C (4a67d9e4)][39m Driver proxy active, passing request on via HTTP proxy
[debug] [35m[WD Proxy][39m Matched '/wd/hub/session/4a67d9e4-7661-4f5d-a861-52d9644f2ef9/element/00000000-0000-014d-ffff-ffff000000a5/location' to command name 'getLocation'
[debug] [35m[WD Proxy][39m Proxying [GET /wd/hub/session/4a67d9e4-7661-4f5d-a861-52d9644f2ef9/element/00000000-0000-014d-ffff-ffff000000a5/location] to [GET http://127.0.0.1:64007/wd/hub/session/4d2c0f11-b839-4911-8295-b2e66d39dc3d/element/00000000-0000-014d-ffff-ffff000000a5/location] with no body
[debug] [35m[WD Proxy][39m Got response with status 200: {"sessionId":"4d2c0f11-b839-4911-8295-b2e66d39dc3d","value":{"x":53,"y":960}}
[35m[WD Proxy][39m Replacing sessionId 4d2c0f11-b839-4911-8295-b2e66d39dc3d with 4a67d9e4-7661-4f5d-a861-52d9644f2ef9
[35m[HTTP][39m [37m<-- GET /wd/hub/session/4a67d9e4-7661-4f5d-a861-52d9644f2ef9/element/00000000-0000-014d-ffff-ffff000000a5/location [39m[32m200[39m [90m11 ms - 77[39m
[35m[HTTP][39m [90m[39m
[35m[HTTP][39m [37m-->[39m [37mPOST[39m [37m/wd/hub/session/4a67d9e4-7661-4f5d-a861-52d9644f2ef9/timeouts[39m
[35m[HTTP][39m [90m{"implicit":30000}[39m
[debug] [35m[W3C (4a67d9e4)][39m Calling AppiumDriver.timeouts() with args: [null,null,null,null,30000,"4a67d9e4-7661-4f5d-a861-52d9644f2ef9"]
[debug] [35m[BaseDriver][39m W3C timeout argument: {"implicit":30000}}
[debug] [35m[BaseDriver][39m Set implicit wait to 30000ms
[debug] [35m[W3C (4a67d9e4)][39m Responding to client with driver.timeouts() result: null
[35m[HTTP][39m [37m<-- POST /wd/hub/session/4a67d9e4-7661-4f5d-a861-52d9644f2ef9/timeouts [39m[32m200[39m [90m2 ms - 14[39m
[35m[HTTP][39m [90m[39m
[35m[HTTP][39m [37m-->[39m [37mPOST[39m [37m/wd/hub/session/4a67d9e4-7661-4f5d-a861-52d9644f2ef9/element/00000000-0000-014d-ffff-ffff000000a5/clear[39m
[35m[HTTP][39m [90m{"id":"00000000-0000-014d-ffff-ffff000000a5"}[39m
[debug] [35m[W3C (4a67d9e4)][39m Calling AppiumDriver.clear() with args: ["00000000-0000-014d-ffff-ffff000000a5","4a67d9e4-7661-4f5d-a861-52d9644f2ef9"]
[debug] [35m[WD Proxy][39m Matched '/element/00000000-0000-014d-ffff-ffff000000a5/clear' to command name 'clear'
[debug] [35m[WD Proxy][39m Proxying [POST /element/00000000-0000-014d-ffff-ffff000000a5/clear] to [POST http://127.0.0.1:64007/wd/hub/session/4d2c0f11-b839-4911-8295-b2e66d39dc3d/element/00000000-0000-014d-ffff-ffff000000a5/clear] with body: {"elementId":"00000000-0000-014d-ffff-ffff000000a5"}
[debug] [35m[WD Proxy][39m Got response with status 200: {"sessionId":"4d2c0f11-b839-4911-8295-b2e66d39dc3d","value":null}
[debug] [35m[W3C (4a67d9e4)][39m Responding to client with driver.clear() result: null
[35m[HTTP][39m [37m<-- POST /wd/hub/session/4a67d9e4-7661-4f5d-a861-52d9644f2ef9/element/00000000-0000-014d-ffff-ffff000000a5/clear [39m[32m200[39m [90m12 ms - 14[39m
[35m[HTTP][39m [90m[39m
[35m[HTTP][39m [37m-->[39m [37mPOST[39m [37m/wd/hub/session/4a67d9e4-7661-4f5d-a861-52d9644f2ef9/element/00000000-0000-014d-ffff-ffff000000a5/value[39m
[35m[HTTP][39m [90m{"id":"00000000-0000-014d-ffff-ffff000000a5","text":"qwerty123","value":["q","w","e","r","t","y","1","2","3"]}[39m
[debug] [35m[W3C (4a67d9e4)][39m Calling AppiumDriver.setValue() with args: [["q","w","e","r","t","y","1","2","3"],"00000000-0000-014d-ffff-ffff000000a5","4a67d9e4-7661-4f5d-a861-52d9644f2ef9"]
[debug] [35m[WD Proxy][39m Matched '/element/00000000-0000-014d-ffff-ffff000000a5/value' to command name 'setValue'
[debug] [35m[Protocol Converter][39m Added 'value' property ["q","w","e","r","t","y","1","2","3"] to 'setValue' request body
[debug] [35m[WD Proxy][39m Proxying [POST /element/00000000-0000-014d-ffff-ffff000000a5/value] to [POST http://127.0.0.1:64007/wd/hub/session/4d2c0f11-b839-4911-8295-b2e66d39dc3d/element/00000000-0000-014d-ffff-ffff000000a5/value] with body: {"elementId":"00000000-0000-014d-ffff-ffff000000a5","text":"qwerty123","replace":false,"value":["q","w","e","r","t","y","1","2","3"]}
[debug] [35m[WD Proxy][39m Got response with status 200: {"sessionId":"4d2c0f11-b839-4911-8295-b2e66d39dc3d","value":null}
[debug] [35m[W3C (4a67d9e4)][39m Responding to client with driver.setValue() result: null
[35m[HTTP][39m [37m<-- POST /wd/hub/session/4a67d9e4-7661-4f5d-a861-52d9644f2ef9/element/00000000-0000-014d-ffff-ffff000000a5/value [39m[32m200[39m [90m489 ms - 14[39m
[35m[HTTP][39m [90m[39m
[35m[HTTP][39m [37m-->[39m [37mPOST[39m [37m/wd/hub/session/4a67d9e4-7661-4f5d-a861-52d9644f2ef9/timeouts[39m
[35m[HTTP][39m [90m{"implicit":50}[39m
[debug] [35m[W3C (4a67d9e4)][39m Calling AppiumDriver.timeouts() with args: [null,null,null,null,50,"4a67d9e4-7661-4f5d-a861-52d9644f2ef9"]
[debug] [35m[BaseDriver][39m W3C timeout argument: {"implicit":50}}
[debug] [35m[BaseDriver][39m Set implicit wait to 50ms
[debug] [35m[W3C (4a67d9e4)][39m Responding to client with driver.timeouts() result: null
[35m[HTTP][39m [37m<-- POST /wd/hub/session/4a67d9e4-7661-4f5d-a861-52d9644f2ef9/timeouts [39m[32m200[39m [90m1 ms - 14[39m
[35m[HTTP][39m [90m[39m
[35m[HTTP][39m [37m-->[39m [37mGET[39m [37m/wd/hub/session/4a67d9e4-7661-4f5d-a861-52d9644f2ef9/window/rect[39m
[35m[HTTP][39m [90m{}[39m
[debug] [35m[W3C (4a67d9e4)][39m Calling AppiumDriver.getWindowRect() with args: ["4a67d9e4-7661-4f5d-a861-52d9644f2ef9"]
[debug] [35m[WD Proxy][39m Matched '/window/current/size' to command name 'getWindowSize'
[debug] [35m[WD Proxy][39m Proxying [GET /window/current/size] to [GET http://127.0.0.1:64007/wd/hub/session/4d2c0f11-b839-4911-8295-b2e66d39dc3d/window/current/size] with no body
[debug] [35m[WD Proxy][39m Got response with status 200: {"sessionId":"4d2c0f11-b839-4911-8295-b2e66d39dc3d","value":{"height":1794,"width":1080}}
[debug] [35m[W3C (4a67d9e4)][39m Responding to client with driver.getWindowRect() result: {"width":1080,"height":1794,"x":0,"y":0}
[35m[HTTP][39m [37m<-- GET /wd/hub/session/4a67d9e4-7661-4f5d-a861-52d9644f2ef9/window/rect [39m[32m200[39m [90m8 ms - 50[39m
[35m[HTTP][39m [90m[39m
[35m[HTTP][39m [37m-->[39m [37mPOST[39m [37m/wd/hub/session/4a67d9e4-7661-4f5d-a861-52d9644f2ef9/elements[39m
[35m[HTTP][39m [90m{"using":"xpath","value":"//hierarchy/android.widget.FrameLayout[1]/android.widget.LinearLayout[1]/android.widget.FrameLayout[1]/android.widget.LinearLayout[1]/android.widget.FrameLayout[1]/android.widget.FrameLayout[1]/android.view.ViewGroup[1]/android.view.ViewGroup[1]/android.view.ViewGroup[1]/android.view.ViewGroup[1]/android.view.ViewGroup[1]/android.view.ViewGroup[1]/android.widget.FrameLayout[1]/android.view.ViewGroup[1]/android.view.ViewGroup[1]/android.view.ViewGroup[1]/android.view.ViewGroup[1]/android.view.ViewGroup[1]/android.widget.FrameLayout[1]/android.view.ViewGroup[1]/android.view.ViewGroup[1]/android.view.ViewGroup[2]/android.view.ViewGroup[1]/android.view.ViewGroup[1]/android.view.ViewGroup[2]/android.widget.ScrollView[1]/android.view.ViewGroup[1]/android.view.ViewGroup[5]/android.widget.TextView[1]"}[39m
[debug] [35m[W3C (4a67d9e4)][39m Calling AppiumDriver.findElements() with args: ["xpath","//hierarchy/android.widget.FrameLayout[1]/android.widget.LinearLayout[1]/android.widget.FrameLayout[1]/android.widget.LinearLayout[1]/android.widget.FrameLayout[1]/android.widget.FrameLayout[1]/android.view.ViewGroup[1]/android.view.ViewGroup[1]/android.view.ViewGroup[1]/android.view.ViewGroup[1]/android.view.ViewGroup[1]/android.view.ViewGroup[1]/android.widget.FrameLayout[1]/android.view.ViewGroup[1]/android.view.ViewGroup[1]/android.view.ViewGroup[1]/android.view.ViewGroup[1]/android.view.ViewGroup[1]/android.widget.FrameLayout[1]/android.view.ViewGroup[1]/android.view.ViewGroup[1]/android.view.ViewGroup[2]/android.view.ViewGroup[1]/android.view.ViewGroup[1]/android.view.ViewGroup[2]/android.widget.ScrollView[1]/android.view.ViewGroup[1]/android.view.ViewGroup[5]/android.widget.TextView[1]","4a67d9e4-7661-4f5d-a861-52d9644f2ef9"]
[debug] [35m[BaseDriver][39m Valid locator strategies for this request: xpath, id, class name, accessibility id, css selector, -android uiautomator
[debug] [35m[BaseDriver][39m Waiting up to 50 ms for condition
[debug] [35m[WD Proxy][39m Matched '/elements' to command name 'findElements'
[debug] [35m[WD Proxy][39m Proxying [POST /elements] to [POST http://127.0.0.1:64007/wd/hub/session/4d2c0f11-b839-4911-8295-b2e66d39dc3d/elements] with body: {"strategy":"xpath","selector":"//hierarchy/android.widget.FrameLayout[1]/android.widget.LinearLayout[1]/android.widget.FrameLayout[1]/android.widget.LinearLayout[1]/android.widget.FrameLayout[1]/android.widget.FrameLayout[1]/android.view.ViewGroup[1]/android.view.ViewGroup[1]/android.view.ViewGroup[1]/android.view.ViewGroup[1]/android.view.ViewGroup[1]/android.view.ViewGroup[1]/android.widget.FrameLayout[1]/android.view.ViewGroup[1]/android.view.ViewGroup[1]/android.view.ViewGroup[1]/android.view.ViewGroup[1]/android.view.ViewGroup[1]/android.widget.FrameLayout[1]/android.view.ViewGroup[1]/android.view.ViewGroup[1]/android.view.ViewGroup[2]/android.view.ViewGroup[1]/android.view.ViewGroup[1]/android.view.ViewGroup[2]/android.widget.ScrollView[1]/android.view.ViewGroup[1]/android.view.ViewGroup[5]/android.widget.TextView[1]","context":"","multiple":true}
[debug] [35m[WD Proxy][39m Got response with status 200: {"sessionId":"4d2c0f11-b839-4911-8295-b2e66d39dc3d","value":[{"ELEMENT":"00000000-0000-014d-ffff-ffff000000a9","element-6066-11e4-a52e-4f735466cecf":"00000000-0000-014d-ffff-ffff000000a9"}]}
[debug] [35m[W3C (4a67d9e4)][39m Responding to client with driver.findElements() result: [{"element-6066-11e4-a52e-4f735466cecf":"00000000-0000-014d-ffff-ffff000000a9","ELEMENT":"00000000-0000-014d-ffff-ffff000000a9"}]
[35m[HTTP][39m [37m<-- POST /wd/hub/session/4a67d9e4-7661-4f5d-a861-52d9644f2ef9/elements [39m[32m200[39m [90m504 ms - 139[39m
[35m[HTTP][39m [90m[39m
[35m[HTTP][39m [37m-->[39m [37mGET[39m [37m/wd/hub/session/4a67d9e4-7661-4f5d-a861-52d9644f2ef9/element/00000000-0000-014d-ffff-ffff000000a9/location[39m
[35m[HTTP][39m [90m{}[39m
[35m[W3C (4a67d9e4)][39m Driver proxy active, passing request on via HTTP proxy
[debug] [35m[WD Proxy][39m Matched '/wd/hub/session/4a67d9e4-7661-4f5d-a861-52d9644f2ef9/element/00000000-0000-014d-ffff-ffff000000a9/location' to command name 'getLocation'
[debug] [35m[WD Proxy][39m Proxying [GET /wd/hub/session/4a67d9e4-7661-4f5d-a861-52d9644f2ef9/element/00000000-0000-014d-ffff-ffff000000a9/location] to [GET http://127.0.0.1:64007/wd/hub/session/4d2c0f11-b839-4911-8295-b2e66d39dc3d/element/00000000-0000-014d-ffff-ffff000000a9/location] with no body
[debug] [35m[WD Proxy][39m Got response with status 200: {"sessionId":"4d2c0f11-b839-4911-8295-b2e66d39dc3d","value":{"x":479,"y":1338}}
[35m[WD Proxy][39m Replacing sessionId 4d2c0f11-b839-4911-8295-b2e66d39dc3d with 4a67d9e4-7661-4f5d-a861-52d9644f2ef9
[35m[HTTP][39m [37m<-- GET /wd/hub/session/4a67d9e4-7661-4f5d-a861-52d9644f2ef9/element/00000000-0000-014d-ffff-ffff000000a9/location [39m[32m200[39m [90m13 ms - 79[39m
[35m[HTTP][39m [90m[39m
[35m[HTTP][39m [37m-->[39m [37mPOST[39m [37m/wd/hub/session/4a67d9e4-7661-4f5d-a861-52d9644f2ef9/timeouts[39m
[35m[HTTP][39m [90m{"implicit":30000}[39m
[debug] [35m[W3C (4a67d9e4)][39m Calling AppiumDriver.timeouts() with args: [null,null,null,null,30000,"4a67d9e4-7661-4f5d-a861-52d9644f2ef9"]
[debug] [35m[BaseDriver][39m W3C timeout argument: {"implicit":30000}}
[debug] [35m[BaseDriver][39m Set implicit wait to 30000ms
[debug] [35m[W3C (4a67d9e4)][39m Responding to client with driver.timeouts() result: null
[35m[HTTP][39m [37m<-- POST /wd/hub/session/4a67d9e4-7661-4f5d-a861-52d9644f2ef9/timeouts [39m[32m200[39m [90m1 ms - 14[39m
[35m[HTTP][39m [90m[39m
[35m[HTTP][39m [37m-->[39m [37mPOST[39m [37m/wd/hub/session/4a67d9e4-7661-4f5d-a861-52d9644f2ef9/element/00000000-0000-014d-ffff-ffff000000a9/click[39m
[35m[HTTP][39m [90m{"id":"00000000-0000-014d-ffff-ffff000000a9"}[39m
[debug] [35m[W3C (4a67d9e4)][39m Calling AppiumDriver.click() with args: ["00000000-0000-014d-ffff-ffff000000a9","4a67d9e4-7661-4f5d-a861-52d9644f2ef9"]
[debug] [35m[WD Proxy][39m Matched '/element/00000000-0000-014d-ffff-ffff000000a9/click' to command name 'click'
[debug] [35m[WD Proxy][39m Proxying [POST /element/00000000-0000-014d-ffff-ffff000000a9/click] to [POST http://127.0.0.1:64007/wd/hub/session/4d2c0f11-b839-4911-8295-b2e66d39dc3d/element/00000000-0000-014d-ffff-ffff000000a9/click] with body: {"element":"00000000-0000-014d-ffff-ffff000000a9"}
[debug] [35m[WD Proxy][39m Got response with status 200: {"sessionId":"4d2c0f11-b839-4911-8295-b2e66d39dc3d","value":null}
[debug] [35m[W3C (4a67d9e4)][39m Responding to client with driver.click() result: null
[35m[HTTP][39m [37m<-- POST /wd/hub/session/4a67d9e4-7661-4f5d-a861-52d9644f2ef9/element/00000000-0000-014d-ffff-ffff000000a9/click [39m[32m200[39m [90m62 ms - 14[39m
[35m[HTTP][39m [90m[39m
[35m[HTTP][39m [37m-->[39m [37mDELETE[39m [37m/wd/hub/session/4a67d9e4-7661-4f5d-a861-52d9644f2ef9[39m
[35m[HTTP][39m [90m{}[39m
[debug] [35m[W3C (4a67d9e4)][39m Calling AppiumDriver.deleteSession() with args: ["4a67d9e4-7661-4f5d-a861-52d9644f2ef9"]
[debug] [35m[BaseDriver][39m Event 'quitSessionRequested' logged at 1674713937225 (13:18:57 GMT+0700 (Western Indonesia Time))
[35m[Appium][39m Removing session 4a67d9e4-7661-4f5d-a861-52d9644f2ef9 from our master session list
[debug] [35m[UiAutomator2][39m Deleting UiAutomator2 session
[debug] [35m[UiAutomator2][39m Deleting UiAutomator2 server session
[debug] [35m[WD Proxy][39m Matched '/' to command name 'deleteSession'
[debug] [35m[WD Proxy][39m Proxying [DELETE /] to [DELETE http://127.0.0.1:64007/wd/hub/session/4d2c0f11-b839-4911-8295-b2e66d39dc3d] with no body
[debug] [35m[WD Proxy][39m Got response with status 200: {"sessionId":"4d2c0f11-b839-4911-8295-b2e66d39dc3d","value":null}
[debug] [35m[ADB][39m Running 'C:\Users\Muhifa\.katalon\tools\android_sdk\platform-tools\adb.exe -P 5037 -s emulator-5554 shell am force-stop com.saucelabs.mydemoapp.rn'
[debug] [35m[UiAutomator2][39m Capability 'fullReset' set to 'true', Uninstalling 'com.saucelabs.mydemoapp.rn'
[debug] [35m[ADB][39m Uninstalling com.saucelabs.mydemoapp.rn
[debug] [35m[ADB][39m Getting install status for com.saucelabs.mydemoapp.rn
[debug] [35m[ADB][39m Running 'C:\Users\Muhifa\.katalon\tools\android_sdk\platform-tools\adb.exe -P 5037 -s emulator-5554 shell dumpsys package com.saucelabs.mydemoapp.rn'
[debug] [35m[ADB][39m 'com.saucelabs.mydemoapp.rn' is installed
[debug] [35m[ADB][39m Running 'C:\Users\Muhifa\.katalon\tools\android_sdk\platform-tools\adb.exe -P 5037 -s emulator-5554 shell am force-stop com.saucelabs.mydemoapp.rn'
[debug] [35m[ADB][39m Running 'C:\Users\Muhifa\.katalon\tools\android_sdk\platform-tools\adb.exe -P 5037 -s emulator-5554 uninstall com.saucelabs.mydemoapp.rn'
[debug] [35m[Instrumentation][39m .
[debug] [35m[Instrumentation][39m Time: 12.076
[debug] [35m[Instrumentation][39m 
[debug] [35m[Instrumentation][39m OK (1 test)
[debug] [35m[ADB][39m 'adb uninstall com.saucelabs.mydemoapp.rn' command output: Success
[35m[ADB][39m com.saucelabs.mydemoapp.rn was successfully uninstalled
[debug] [35m[Logcat][39m Stopping logcat capture
[debug] [35m[ADB][39m Removing forwarded port socket connection: 64007 
[debug] [35m[ADB][39m Running 'C:\Users\Muhifa\.katalon\tools\android_sdk\platform-tools\adb.exe -P 5037 -s emulator-5554 forward --remove tcp:64007'
[35m[UiAutomator2][39m Restoring hidden api policy to the device default configuration
[debug] [35m[ADB][39m Running 'C:\Users\Muhifa\.katalon\tools\android_sdk\platform-tools\adb.exe -P 5037 -s emulator-5554 shell 'settings delete global hidden_api_policy_pre_p_apps;settings delete global hidden_api_policy_p_apps;settings delete global hidden_api_policy''
[debug] [35m[BaseDriver][39m Event 'quitSessionFinished' logged at 1674713938061 (13:18:58 GMT+0700 (Western Indonesia Time))
[debug] [35m[W3C (4a67d9e4)][39m Received response: null
[debug] [35m[W3C (4a67d9e4)][39m But deleting session, so not returning
[debug] [35m[W3C (4a67d9e4)][39m Responding to client with driver.deleteSession() result: null
[35m[HTTP][39m [37m<-- DELETE /wd/hub/session/4a67d9e4-7661-4f5d-a861-52d9644f2ef9 [39m[32m200[39m [90m838 ms - 14[39m
[35m[HTTP][39m [90m[39m
